<?xml version="1.0" encoding="UTF-8"?>
<TestRun id="b58b0009-66f9-404b-ac87-caffc74c7d01" name="VLADominator@VLADOMINATOR-PC 2014-11-13 16:44:34" runUser="VLADominator-PC\VLADominator" xmlns="http://microsoft.com/schemas/VisualStudio/TeamTest/2010">
  <TestSettings name="Local" id="bad2f200-0817-409b-8ebe-f4183b0ece88">
    <Description>These are default test settings for a local test run.</Description>
    <Deployment runDeploymentRoot="VLADominator_VLADOMINATOR-PC 2014-11-13 16_44_34">
      <DeploymentItem filename="D:\Movie\Video Lessons\QA Academy\Team Fig\TALS.PerformanceTesting\TALS.PerformanceTesting\TALS.PerformanceTesting.Utils\bin\Debug\TALS.PerformanceTesting.Utils.dll" />
    </Deployment>
    <Execution>
      <TestTypeSpecific />
      <AgentRule name="Execution Agents">
      </AgentRule>
    </Execution>
    <Properties />
  </TestSettings>
  <Times creation="2014-11-13T16:44:34.9701015+02:00" queuing="2014-11-13T16:44:35.2801192+02:00" start="2014-11-13T16:44:35.3801249+02:00" finish="2014-11-13T16:44:51.7550615+02:00" />
  <ResultSummary outcome="Failed">
    <Counters total="1" executed="1" error="0" failed="1" timeout="0" aborted="0" inconclusive="0" passedButRunAborted="0" notRunnable="0" notExecuted="0" disconnected="0" warning="0" passed="0" completed="0" inProgress="0" pending="0" />
  </ResultSummary>
  <TestDefinitions>
    <WebTest name="WebTest1" storage="d:\movie\video lessons\qa academy\team fig\tals.performancetesting\tals.performancetesting\tals.performancetesting.webtests\modules\kidsacademy\documents\webtest1.webtest" id="2f2882c5-9a44-40ea-a7a9-8dc54261f721" persistedWebTest="77u/PD94bWwgdmVyc2lvbj0iMS4wIiBlbmNvZGluZz0iVVRGLTgiIHN0YW5kYWxvbmU9InllcyI/Pg0KPFdlYlRlc3QgTmFtZT0iV2ViVGVzdDEiIElkPSIyZjI4ODJjNS05YTQ0LTQwZWEtYTdhOS04ZGM1NDI2MWY3MjEiIE93bmVyPSIiIFByaW9yaXR5PSIyMTQ3NDgzNjQ3IiBFbmFibGVkPSJUcnVlIiBDc3NQcm9qZWN0U3RydWN0dXJlPSIiIENzc0l0ZXJhdGlvbj0iIiBUaW1lb3V0PSIwIiBXb3JrSXRlbUlkcz0iIiB4bWxucz0iaHR0cDovL21pY3Jvc29mdC5jb20vc2NoZW1hcy9WaXN1YWxTdHVkaW8vVGVhbVRlc3QvMjAxMCIgRGVzY3JpcHRpb249IiIgQ3JlZGVudGlhbFVzZXJOYW1lPSIiIENyZWRlbnRpYWxQYXNzd29yZD0iIiBQcmVBdXRoZW50aWNhdGU9IlRydWUiIFByb3h5PSJkZWZhdWx0IiBTdG9wT25FcnJvcj0iRmFsc2UiIFJlY29yZGVkUmVzdWx0RmlsZT0iV2ViVGVzdDEuZjUwNDNkYmMtOTY3Mi00ZTI1LTljYzktZThmYjFmNGRmMTM5LnJlYy53ZWJ0ZXN0cmVzdWx0IiBSZXN1bHRzTG9jYWxlPSIiPg0KICA8SXRlbXM+DQogICAgPFJlcXVlc3QgTWV0aG9kPSJHRVQiIEd1aWQ9IjFiZGY0MjZlLWMwNjMtNDI0NS04ODRhLTU3OWUxYTVkNzAwOSIgVmVyc2lvbj0iMS4xIiBVcmw9Imh0dHA6Ly90ZXN0LnRlbGVyaWthY2FkZW15LmNvbS8iIFRoaW5rVGltZT0iMSIgVGltZW91dD0iMzAwIiBQYXJzZURlcGVuZGVudFJlcXVlc3RzPSJUcnVlIiBGb2xsb3dSZWRpcmVjdHM9IlRydWUiIFJlY29yZFJlc3VsdD0iVHJ1ZSIgQ2FjaGU9IkZhbHNlIiBSZXNwb25zZVRpbWVHb2FsPSIwIiBFbmNvZGluZz0idXRmLTgiIEV4cGVjdGVkSHR0cFN0YXR1c0NvZGU9IjAiIEV4cGVjdGVkUmVzcG9uc2VVcmw9IiIgUmVwb3J0aW5nTmFtZT0iIiBJZ25vcmVIdHRwU3RhdHVzQ29kZT0iRmFsc2UiIC8+DQogICAgPFJlcXVlc3QgTWV0aG9kPSJHRVQiIEd1aWQ9IjJkMWQ2N2RiLTIzZWMtNDM3MC04M2NkLTllZTI2ZGNhNTEzOSIgVmVyc2lvbj0iMS4xIiBVcmw9Imh0dHA6Ly9zdGF0aWMuYWsuZmFjZWJvb2suY29tL2Nvbm5lY3QveGRfYXJiaXRlci9RaksyaFd2NnVhay5qcyIgVGhpbmtUaW1lPSIwIiBUaW1lb3V0PSIzMDAiIFBhcnNlRGVwZW5kZW50UmVxdWVzdHM9IlRydWUiIEZvbGxvd1JlZGlyZWN0cz0iVHJ1ZSIgUmVjb3JkUmVzdWx0PSJUcnVlIiBDYWNoZT0iRmFsc2UiIFJlc3BvbnNlVGltZUdvYWw9IjAiIEVuY29kaW5nPSJ1dGYtOCIgRXhwZWN0ZWRIdHRwU3RhdHVzQ29kZT0iMCIgRXhwZWN0ZWRSZXNwb25zZVVybD0iaHR0cDovL3N0YXRpYy5hay5mYWNlYm9vay5jb20vY29ubmVjdC94ZF9hcmJpdGVyL1FqSzJoV3Y2dWFrLmpzP3ZlcnNpb249NDEjY2hhbm5lbD1mMTUwZjM5ZGNlZDIxZmUmYW1wO29yaWdpbj1odHRwJTNBJTJGJTJGdGVzdC50ZWxlcmlrYWNhZGVteS5jb20iIFJlcG9ydGluZ05hbWU9IiIgSWdub3JlSHR0cFN0YXR1c0NvZGU9IkZhbHNlIj4NCiAgICAgIDxRdWVyeVN0cmluZ1BhcmFtZXRlcnM+DQogICAgICAgIDxRdWVyeVN0cmluZ1BhcmFtZXRlciBOYW1lPSJ2ZXJzaW9uIiBWYWx1ZT0iNDEiIFJlY29yZGVkVmFsdWU9IjQxIiBDb3JyZWxhdGlvbkJpbmRpbmc9IiIgVXJsRW5jb2RlPSJGYWxzZSIgVXNlVG9Hcm91cFJlc3VsdHM9IkZhbHNlIiAvPg0KICAgICAgICA8UXVlcnlTdHJpbmdQYXJhbWV0ZXIgTmFtZT0ib3JpZ2luIiBWYWx1ZT0iaHR0cCUzQSUyRiUyRnRlc3QudGVsZXJpa2FjYWRlbXkuY29tIiBSZWNvcmRlZFZhbHVlPSJodHRwJTNBJTJGJTJGdGVzdC50ZWxlcmlrYWNhZGVteS5jb20iIENvcnJlbGF0aW9uQmluZGluZz0iIiBVcmxFbmNvZGU9IkZhbHNlIiBVc2VUb0dyb3VwUmVzdWx0cz0iRmFsc2UiIC8+DQogICAgICA8L1F1ZXJ5U3RyaW5nUGFyYW1ldGVycz4NCiAgICA8L1JlcXVlc3Q+DQogICAgPFJlcXVlc3QgTWV0aG9kPSJHRVQiIEd1aWQ9ImZmYjg5ZWIxLWE0NTktNGYwOC04YmE0LWU4Y2ZjNDM5NWMwOCIgVmVyc2lvbj0iMS4xIiBVcmw9Imh0dHBzOi8vcy1zdGF0aWMuYWsuZmFjZWJvb2suY29tL2Nvbm5lY3QveGRfYXJiaXRlci9RaksyaFd2NnVhay5qcyIgVGhpbmtUaW1lPSIwIiBUaW1lb3V0PSIzMDAiIFBhcnNlRGVwZW5kZW50UmVxdWVzdHM9IlRydWUiIEZvbGxvd1JlZGlyZWN0cz0iVHJ1ZSIgUmVjb3JkUmVzdWx0PSJUcnVlIiBDYWNoZT0iRmFsc2UiIFJlc3BvbnNlVGltZUdvYWw9IjAiIEVuY29kaW5nPSJ1dGYtOCIgRXhwZWN0ZWRIdHRwU3RhdHVzQ29kZT0iMCIgRXhwZWN0ZWRSZXNwb25zZVVybD0iaHR0cHM6Ly9zLXN0YXRpYy5hay5mYWNlYm9vay5jb20vY29ubmVjdC94ZF9hcmJpdGVyL1FqSzJoV3Y2dWFrLmpzP3ZlcnNpb249NDEjY2hhbm5lbD1mMTUwZjM5ZGNlZDIxZmUmYW1wO29yaWdpbj1odHRwJTNBJTJGJTJGdGVzdC50ZWxlcmlrYWNhZGVteS5jb20iIFJlcG9ydGluZ05hbWU9IiIgSWdub3JlSHR0cFN0YXR1c0NvZGU9IkZhbHNlIj4NCiAgICAgIDxRdWVyeVN0cmluZ1BhcmFtZXRlcnM+DQogICAgICAgIDxRdWVyeVN0cmluZ1BhcmFtZXRlciBOYW1lPSJ2ZXJzaW9uIiBWYWx1ZT0iNDEiIFJlY29yZGVkVmFsdWU9IjQxIiBDb3JyZWxhdGlvbkJpbmRpbmc9IiIgVXJsRW5jb2RlPSJGYWxzZSIgVXNlVG9Hcm91cFJlc3VsdHM9IkZhbHNlIiAvPg0KICAgICAgICA8UXVlcnlTdHJpbmdQYXJhbWV0ZXIgTmFtZT0ib3JpZ2luIiBWYWx1ZT0iaHR0cCUzQSUyRiUyRnRlc3QudGVsZXJpa2FjYWRlbXkuY29tIiBSZWNvcmRlZFZhbHVlPSJodHRwJTNBJTJGJTJGdGVzdC50ZWxlcmlrYWNhZGVteS5jb20iIENvcnJlbGF0aW9uQmluZGluZz0iIiBVcmxFbmNvZGU9IkZhbHNlIiBVc2VUb0dyb3VwUmVzdWx0cz0iRmFsc2UiIC8+DQogICAgICA8L1F1ZXJ5U3RyaW5nUGFyYW1ldGVycz4NCiAgICA8L1JlcXVlc3Q+DQogICAgPFJlcXVlc3QgTWV0aG9kPSJHRVQiIEd1aWQ9IjE2OTQ3ZWViLWRjZWUtNGI0MS05M2ExLWVkOTg3YTZjZTFkOSIgVmVyc2lvbj0iMS4xIiBVcmw9Imh0dHBzOi8vd3d3LmZhY2Vib29rLmNvbS9jb25uZWN0L3BpbmciIFRoaW5rVGltZT0iMCIgVGltZW91dD0iMzAwIiBQYXJzZURlcGVuZGVudFJlcXVlc3RzPSJUcnVlIiBGb2xsb3dSZWRpcmVjdHM9IlRydWUiIFJlY29yZFJlc3VsdD0iVHJ1ZSIgQ2FjaGU9IkZhbHNlIiBSZXNwb25zZVRpbWVHb2FsPSIwIiBFbmNvZGluZz0idXRmLTgiIEV4cGVjdGVkSHR0cFN0YXR1c0NvZGU9IjAiIEV4cGVjdGVkUmVzcG9uc2VVcmw9IiIgUmVwb3J0aW5nTmFtZT0iIiBJZ25vcmVIdHRwU3RhdHVzQ29kZT0iRmFsc2UiPg0KICAgICAgPEhlYWRlcnM+DQogICAgICAgIDxIZWFkZXIgTmFtZT0iUmVmZXJlciIgVmFsdWU9Imh0dHA6Ly90ZXN0LnRlbGVyaWthY2FkZW15LmNvbS8iIC8+DQogICAgICA8L0hlYWRlcnM+DQogICAgICA8UXVlcnlTdHJpbmdQYXJhbWV0ZXJzPg0KICAgICAgICA8UXVlcnlTdHJpbmdQYXJhbWV0ZXIgTmFtZT0iY2xpZW50X2lkIiBWYWx1ZT0iMjQyNjI0Njk5MTc0MzMzIiBSZWNvcmRlZFZhbHVlPSIyNDI2MjQ2OTkxNzQzMzMiIENvcnJlbGF0aW9uQmluZGluZz0iIiBVcmxFbmNvZGU9IkZhbHNlIiBVc2VUb0dyb3VwUmVzdWx0cz0iRmFsc2UiIC8+DQogICAgICAgIDxRdWVyeVN0cmluZ1BhcmFtZXRlciBOYW1lPSJkb21haW4iIFZhbHVlPSJ0ZXN0LnRlbGVyaWthY2FkZW15LmNvbSIgUmVjb3JkZWRWYWx1ZT0idGVzdC50ZWxlcmlrYWNhZGVteS5jb20iIENvcnJlbGF0aW9uQmluZGluZz0iIiBVcmxFbmNvZGU9IkZhbHNlIiBVc2VUb0dyb3VwUmVzdWx0cz0iRmFsc2UiIC8+DQogICAgICAgIDxRdWVyeVN0cmluZ1BhcmFtZXRlciBOYW1lPSJvcmlnaW4iIFZhbHVlPSIxIiBSZWNvcmRlZFZhbHVlPSIxIiBDb3JyZWxhdGlvbkJpbmRpbmc9IiIgVXJsRW5jb2RlPSJGYWxzZSIgVXNlVG9Hcm91cFJlc3VsdHM9IkZhbHNlIiAvPg0KICAgICAgICA8UXVlcnlTdHJpbmdQYXJhbWV0ZXIgTmFtZT0icmVkaXJlY3RfdXJpIiBWYWx1ZT0iaHR0cCUzQSUyRiUyRnN0YXRpYy5hay5mYWNlYm9vay5jb20lMkZjb25uZWN0JTJGeGRfYXJiaXRlciUyRlFqSzJoV3Y2dWFrLmpzJTNGdmVyc2lvbiUzRDQxJTIzY2IlM0RmMzBlMDlhNTMyYzRjOTYlMjZkb21haW4lM0R0ZXN0LnRlbGVyaWthY2FkZW15LmNvbSUyNm9yaWdpbiUzRGh0dHAlMjUzQSUyNTJGJTI1MkZ0ZXN0LnRlbGVyaWthY2FkZW15LmNvbSUyNTJGZjE1MGYzOWRjZWQyMWZlJTI2cmVsYXRpb24lM0RwYXJlbnQiIFJlY29yZGVkVmFsdWU9Imh0dHAlM0ElMkYlMkZzdGF0aWMuYWsuZmFjZWJvb2suY29tJTJGY29ubmVjdCUyRnhkX2FyYml0ZXIlMkZRaksyaFd2NnVhay5qcyUzRnZlcnNpb24lM0Q0MSUyM2NiJTNEZjMwZTA5YTUzMmM0Yzk2JTI2ZG9tYWluJTNEdGVzdC50ZWxlcmlrYWNhZGVteS5jb20lMjZvcmlnaW4lM0RodHRwJTI1M0ElMjUyRiUyNTJGdGVzdC50ZWxlcmlrYWNhZGVteS5jb20lMjUyRmYxNTBmMzlkY2VkMjFmZSUyNnJlbGF0aW9uJTNEcGFyZW50IiBDb3JyZWxhdGlvbkJpbmRpbmc9IiIgVXJsRW5jb2RlPSJGYWxzZSIgVXNlVG9Hcm91cFJlc3VsdHM9IkZhbHNlIiAvPg0KICAgICAgICA8UXVlcnlTdHJpbmdQYXJhbWV0ZXIgTmFtZT0icmVzcG9uc2VfdHlwZSIgVmFsdWU9InRva2VuJTJDc2lnbmVkX3JlcXVlc3QlMkNjb2RlIiBSZWNvcmRlZFZhbHVlPSJ0b2tlbiUyQ3NpZ25lZF9yZXF1ZXN0JTJDY29kZSIgQ29ycmVsYXRpb25CaW5kaW5nPSIiIFVybEVuY29kZT0iRmFsc2UiIFVzZVRvR3JvdXBSZXN1bHRzPSJGYWxzZSIgLz4NCiAgICAgICAgPFF1ZXJ5U3RyaW5nUGFyYW1ldGVyIE5hbWU9InNkayIgVmFsdWU9ImpvZXkiIFJlY29yZGVkVmFsdWU9ImpvZXkiIENvcnJlbGF0aW9uQmluZGluZz0iIiBVcmxFbmNvZGU9IkZhbHNlIiBVc2VUb0dyb3VwUmVzdWx0cz0iRmFsc2UiIC8+DQogICAgICA8L1F1ZXJ5U3RyaW5nUGFyYW1ldGVycz4NCiAgICA8L1JlcXVlc3Q+DQogICAgPFJlcXVlc3QgTWV0aG9kPSJHRVQiIEd1aWQ9ImUwNzZhMDU5LTM2ZTUtNGFjYy05YTlmLTI0ZjBiOGM5NjkyOCIgVmVyc2lvbj0iMS4xIiBVcmw9Imh0dHA6Ly93d3cuZmFjZWJvb2suY29tL3BsdWdpbnMvbGlrZV9ib3gucGhwIiBUaGlua1RpbWU9IjAiIFRpbWVvdXQ9IjMwMCIgUGFyc2VEZXBlbmRlbnRSZXF1ZXN0cz0iVHJ1ZSIgRm9sbG93UmVkaXJlY3RzPSJUcnVlIiBSZWNvcmRSZXN1bHQ9IlRydWUiIENhY2hlPSJGYWxzZSIgUmVzcG9uc2VUaW1lR29hbD0iMCIgRW5jb2Rpbmc9InV0Zi04IiBFeHBlY3RlZEh0dHBTdGF0dXNDb2RlPSIwIiBFeHBlY3RlZFJlc3BvbnNlVXJsPSJodHRwczovL3d3dy5mYWNlYm9vay5jb20vcGx1Z2lucy9saWtlX2JveC5waHA/YXBwX2lkPTI0MjYyNDY5OTE3NDMzMyZhbXA7Y2hhbm5lbD1odHRwJTNBJTJGJTJGc3RhdGljLmFrLmZhY2Vib29rLmNvbSUyRmNvbm5lY3QlMkZ4ZF9hcmJpdGVyJTJGUWpLMmhXdjZ1YWsuanMlM0Z2ZXJzaW9uJTNENDElMjNjYiUzRGYyNjZmYjdhYjcwOGNmYyUyNmRvbWFpbiUzRHRlc3QudGVsZXJpa2FjYWRlbXkuY29tJTI2b3JpZ2luJTNEaHR0cCUyNTNBJTI1MkYlMjUyRnRlc3QudGVsZXJpa2FjYWRlbXkuY29tJTI1MkZmMTUwZjM5ZGNlZDIxZmUlMjZyZWxhdGlvbiUzRHBhcmVudC5wYXJlbnQmYW1wO2hlYWRlcj10cnVlJmFtcDtoZWlnaHQ9NDY4JmFtcDtocmVmPWh0dHAlM0ElMkYlMkZ3d3cuZmFjZWJvb2suY29tJTJGVGVsZXJpa0FjYWRlbXkmYW1wO2xvY2FsZT1lbl9VUyZhbXA7c2RrPWpvZXkmYW1wO3Nob3dfZmFjZXM9ZmFsc2UmYW1wO3N0cmVhbT10cnVlJmFtcDt3aWR0aD02MjAiIFJlcG9ydGluZ05hbWU9IiIgSWdub3JlSHR0cFN0YXR1c0NvZGU9IkZhbHNlIj4NCiAgICAgIDxEZXBlbmRlbnRSZXF1ZXN0cz4NCiAgICAgICAgPFJlcXVlc3QgTWV0aG9kPSJHRVQiIEd1aWQ9IjY2NWM0NzczLWRiZWYtNGFjYy05ZGE3LTBkNTZmNzgwNDYxZCIgVmVyc2lvbj0iMS4xIiBVcmw9Imh0dHBzOi8vd3d3LmZhY2Vib29rLmNvbS9wbHVnaW5zL2xpa2Vib3gvc3RyZWFtIiBUaGlua1RpbWU9IjE2IiBUaW1lb3V0PSIzMDAiIFBhcnNlRGVwZW5kZW50UmVxdWVzdHM9IlRydWUiIEZvbGxvd1JlZGlyZWN0cz0iVHJ1ZSIgUmVjb3JkUmVzdWx0PSJUcnVlIiBDYWNoZT0iRmFsc2UiIFJlc3BvbnNlVGltZUdvYWw9IjAiIEVuY29kaW5nPSJ1dGYtOCIgRXhwZWN0ZWRIdHRwU3RhdHVzQ29kZT0iMCIgRXhwZWN0ZWRSZXNwb25zZVVybD0iIiBSZXBvcnRpbmdOYW1lPSIiIElnbm9yZUh0dHBTdGF0dXNDb2RlPSJGYWxzZSI+DQogICAgICAgICAgPEhlYWRlcnM+DQogICAgICAgICAgICA8SGVhZGVyIE5hbWU9IlJlZmVyZXIiIFZhbHVlPSJodHRwczovL3d3dy5mYWNlYm9vay5jb20vcGx1Z2lucy9saWtlX2JveC5waHA/YXBwX2lkPTI0MjYyNDY5OTE3NDMzMyZhbXA7Y2hhbm5lbD1odHRwJTNBJTJGJTJGc3RhdGljLmFrLmZhY2Vib29rLmNvbSUyRmNvbm5lY3QlMkZ4ZF9hcmJpdGVyJTJGUWpLMmhXdjZ1YWsuanMlM0Z2ZXJzaW9uJTNENDElMjNjYiUzRGYyNjZmYjdhYjcwOGNmYyUyNmRvbWFpbiUzRHRlc3QudGVsZXJpa2FjYWRlbXkuY29tJTI2b3JpZ2luJTNEaHR0cCUyNTNBJTI1MkYlMjUyRnRlc3QudGVsZXJpa2FjYWRlbXkuY29tJTI1MkZmMTUwZjM5ZGNlZDIxZmUlMjZyZWxhdGlvbiUzRHBhcmVudC5wYXJlbnQmYW1wO2hlYWRlcj10cnVlJmFtcDtoZWlnaHQ9NDY4JmFtcDtocmVmPWh0dHAlM0ElMkYlMkZ3d3cuZmFjZWJvb2suY29tJTJGVGVsZXJpa0FjYWRlbXkmYW1wO2xvY2FsZT1lbl9VUyZhbXA7c2RrPWpvZXkmYW1wO3Nob3dfZmFjZXM9ZmFsc2UmYW1wO3N0cmVhbT10cnVlJmFtcDt3aWR0aD02MjAiIC8+DQogICAgICAgICAgPC9IZWFkZXJzPg0KICAgICAgICAgIDxRdWVyeVN0cmluZ1BhcmFtZXRlcnM+DQogICAgICAgICAgICA8UXVlcnlTdHJpbmdQYXJhbWV0ZXIgTmFtZT0iaWQiIFZhbHVlPSIyNDc4Mzg3NzE5MDkwODEiIFJlY29yZGVkVmFsdWU9IjI0NzgzODc3MTkwOTA4MSIgQ29ycmVsYXRpb25CaW5kaW5nPSIiIFVybEVuY29kZT0iRmFsc2UiIFVzZVRvR3JvdXBSZXN1bHRzPSJGYWxzZSIgLz4NCiAgICAgICAgICAgIDxRdWVyeVN0cmluZ1BhcmFtZXRlciBOYW1lPSJkb20iIFZhbHVlPSJwbHVnaW5MaWtlYm94U3RyZWFtIiBSZWNvcmRlZFZhbHVlPSJwbHVnaW5MaWtlYm94U3RyZWFtIiBDb3JyZWxhdGlvbkJpbmRpbmc9IiIgVXJsRW5jb2RlPSJGYWxzZSIgVXNlVG9Hcm91cFJlc3VsdHM9IkZhbHNlIiAvPg0KICAgICAgICAgICAgPFF1ZXJ5U3RyaW5nUGFyYW1ldGVyIE5hbWU9ImZvcmNlX3dhbGwiIFZhbHVlPSJmYWxzZSIgUmVjb3JkZWRWYWx1ZT0iZmFsc2UiIENvcnJlbGF0aW9uQmluZGluZz0iIiBVcmxFbmNvZGU9IkZhbHNlIiBVc2VUb0dyb3VwUmVzdWx0cz0iRmFsc2UiIC8+DQogICAgICAgICAgICA8UXVlcnlTdHJpbmdQYXJhbWV0ZXIgTmFtZT0ibm9ib290bG9hZCIgVmFsdWU9IjEiIFJlY29yZGVkVmFsdWU9IjEiIENvcnJlbGF0aW9uQmluZGluZz0iIiBVcmxFbmNvZGU9IkZhbHNlIiBVc2VUb0dyb3VwUmVzdWx0cz0iRmFsc2UiIC8+DQogICAgICAgICAgICA8UXVlcnlTdHJpbmdQYXJhbWV0ZXIgTmFtZT0iaW5saW5lY3NzIiBWYWx1ZT0iMSIgUmVjb3JkZWRWYWx1ZT0iMSIgQ29ycmVsYXRpb25CaW5kaW5nPSIiIFVybEVuY29kZT0iRmFsc2UiIFVzZVRvR3JvdXBSZXN1bHRzPSJGYWxzZSIgLz4NCiAgICAgICAgICAgIDxRdWVyeVN0cmluZ1BhcmFtZXRlciBOYW1lPSJ3aWR0aCIgVmFsdWU9IjYyMCIgUmVjb3JkZWRWYWx1ZT0iNjIwIiBDb3JyZWxhdGlvbkJpbmRpbmc9IiIgVXJsRW5jb2RlPSJGYWxzZSIgVXNlVG9Hcm91cFJlc3VsdHM9IkZhbHNlIiAvPg0KICAgICAgICAgICAgPFF1ZXJ5U3RyaW5nUGFyYW1ldGVyIE5hbWU9Il9fdXNlciIgVmFsdWU9IjAiIFJlY29yZGVkVmFsdWU9IjAiIENvcnJlbGF0aW9uQmluZGluZz0iIiBVcmxFbmNvZGU9IkZhbHNlIiBVc2VUb0dyb3VwUmVzdWx0cz0iRmFsc2UiIC8+DQogICAgICAgICAgICA8UXVlcnlTdHJpbmdQYXJhbWV0ZXIgTmFtZT0iX19hIiBWYWx1ZT0iMSIgUmVjb3JkZWRWYWx1ZT0iMSIgQ29ycmVsYXRpb25CaW5kaW5nPSIiIFVybEVuY29kZT0iRmFsc2UiIFVzZVRvR3JvdXBSZXN1bHRzPSJGYWxzZSIgLz4NCiAgICAgICAgICAgIDxRdWVyeVN0cmluZ1BhcmFtZXRlciBOYW1lPSJfX2R5biIgVmFsdWU9Ijd3Zkdid0tCV28ydndBdyIgUmVjb3JkZWRWYWx1ZT0iN3dmR2J3S0JXbzJ2d0F3IiBDb3JyZWxhdGlvbkJpbmRpbmc9IiIgVXJsRW5jb2RlPSJGYWxzZSIgVXNlVG9Hcm91cFJlc3VsdHM9IkZhbHNlIiAvPg0KICAgICAgICAgICAgPFF1ZXJ5U3RyaW5nUGFyYW1ldGVyIE5hbWU9Il9fcmVxIiBWYWx1ZT0iMSIgUmVjb3JkZWRWYWx1ZT0iMSIgQ29ycmVsYXRpb25CaW5kaW5nPSIiIFVybEVuY29kZT0iRmFsc2UiIFVzZVRvR3JvdXBSZXN1bHRzPSJGYWxzZSIgLz4NCiAgICAgICAgICAgIDxRdWVyeVN0cmluZ1BhcmFtZXRlciBOYW1lPSJsb2NhbGUiIFZhbHVlPSJlbl9VUyIgUmVjb3JkZWRWYWx1ZT0iZW5fVVMiIENvcnJlbGF0aW9uQmluZGluZz0iIiBVcmxFbmNvZGU9IkZhbHNlIiBVc2VUb0dyb3VwUmVzdWx0cz0iRmFsc2UiIC8+DQogICAgICAgICAgICA8UXVlcnlTdHJpbmdQYXJhbWV0ZXIgTmFtZT0iX19yZXYiIFZhbHVlPSIxNDkyNzgyIiBSZWNvcmRlZFZhbHVlPSIxNDkyNzgyIiBDb3JyZWxhdGlvbkJpbmRpbmc9IiIgVXJsRW5jb2RlPSJGYWxzZSIgVXNlVG9Hcm91cFJlc3VsdHM9IkZhbHNlIiAvPg0KICAgICAgICAgIDwvUXVlcnlTdHJpbmdQYXJhbWV0ZXJzPg0KICAgICAgICA8L1JlcXVlc3Q+DQogICAgICA8L0RlcGVuZGVudFJlcXVlc3RzPg0KICAgICAgPEhlYWRlcnM+DQogICAgICAgIDxIZWFkZXIgTmFtZT0iUmVmZXJlciIgVmFsdWU9Imh0dHA6Ly90ZXN0LnRlbGVyaWthY2FkZW15LmNvbS8iIC8+DQogICAgICA8L0hlYWRlcnM+DQogICAgICA8Q29ycmVsYXRpb25FeHRyYWN0aW9uUnVsZXM+DQogICAgICAgIDxFeHRyYWN0aW9uUnVsZSBDbGFzc25hbWU9Ik1pY3Jvc29mdC5WaXN1YWxTdHVkaW8uVGVzdFRvb2xzLldlYlRlc3RpbmcuUnVsZXMuRXh0cmFjdFRleHQsIE1pY3Jvc29mdC5WaXN1YWxTdHVkaW8uUXVhbGl0eVRvb2xzLldlYlRlc3RGcmFtZXdvcmssIFZlcnNpb249MTAuMC4wLjAsIEN1bHR1cmU9bmV1dHJhbCwgUHVibGljS2V5VG9rZW49YjAzZjVmN2YxMWQ1MGEzYSIgVmFyaWFibGVOYW1lPSJRdWVyeVN0cmluZ1BhcmFtMTYwLmRvbWFpbiIgRGlzcGxheU5hbWU9IiIgRGVzY3JpcHRpb249IiI+DQogICAgICAgICAgPFJ1bGVQYXJhbWV0ZXJzPg0KICAgICAgICAgICAgPFJ1bGVQYXJhbWV0ZXIgTmFtZT0iU3RhcnRzV2l0aCIgVmFsdWU9IiZhbXA7ZG9tYWluPSIgLz4NCiAgICAgICAgICAgIDxSdWxlUGFyYW1ldGVyIE5hbWU9IkVuZHNXaXRoIiBWYWx1ZT0iJmFtcDsiIC8+DQogICAgICAgICAgICA8UnVsZVBhcmFtZXRlciBOYW1lPSJJbmRleCIgVmFsdWU9IjAiIC8+DQogICAgICAgICAgICA8UnVsZVBhcmFtZXRlciBOYW1lPSJJZ25vcmVDYXNlIiBWYWx1ZT0iRmFsc2UiIC8+DQogICAgICAgICAgICA8UnVsZVBhcmFtZXRlciBOYW1lPSJVc2VSZWd1bGFyRXhwcmVzc2lvbiIgVmFsdWU9IkZhbHNlIiAvPg0KICAgICAgICAgICAgPFJ1bGVQYXJhbWV0ZXIgTmFtZT0iSHRtbERlY29kZSIgVmFsdWU9IlRydWUiIC8+DQogICAgICAgICAgICA8UnVsZVBhcmFtZXRlciBOYW1lPSJSZXF1aXJlZCIgVmFsdWU9IkZhbHNlIiAvPg0KICAgICAgICAgIDwvUnVsZVBhcmFtZXRlcnM+DQogICAgICAgIDwvRXh0cmFjdGlvblJ1bGU+DQogICAgICA8L0NvcnJlbGF0aW9uRXh0cmFjdGlvblJ1bGVzPg0KICAgICAgPFF1ZXJ5U3RyaW5nUGFyYW1ldGVycz4NCiAgICAgICAgPFF1ZXJ5U3RyaW5nUGFyYW1ldGVyIE5hbWU9ImFwcF9pZCIgVmFsdWU9IjI0MjYyNDY5OTE3NDMzMyIgUmVjb3JkZWRWYWx1ZT0iMjQyNjI0Njk5MTc0MzMzIiBDb3JyZWxhdGlvbkJpbmRpbmc9IiIgVXJsRW5jb2RlPSJGYWxzZSIgVXNlVG9Hcm91cFJlc3VsdHM9IkZhbHNlIiAvPg0KICAgICAgICA8UXVlcnlTdHJpbmdQYXJhbWV0ZXIgTmFtZT0iY2hhbm5lbCIgVmFsdWU9Imh0dHAlM0ElMkYlMkZzdGF0aWMuYWsuZmFjZWJvb2suY29tJTJGY29ubmVjdCUyRnhkX2FyYml0ZXIlMkZRaksyaFd2NnVhay5qcyUzRnZlcnNpb24lM0Q0MSUyM2NiJTNEZjI2NmZiN2FiNzA4Y2ZjJTI2ZG9tYWluJTNEdGVzdC50ZWxlcmlrYWNhZGVteS5jb20lMjZvcmlnaW4lM0RodHRwJTI1M0ElMjUyRiUyNTJGdGVzdC50ZWxlcmlrYWNhZGVteS5jb20lMjUyRmYxNTBmMzlkY2VkMjFmZSUyNnJlbGF0aW9uJTNEcGFyZW50LnBhcmVudCIgUmVjb3JkZWRWYWx1ZT0iaHR0cCUzQSUyRiUyRnN0YXRpYy5hay5mYWNlYm9vay5jb20lMkZjb25uZWN0JTJGeGRfYXJiaXRlciUyRlFqSzJoV3Y2dWFrLmpzJTNGdmVyc2lvbiUzRDQxJTIzY2IlM0RmMjY2ZmI3YWI3MDhjZmMlMjZkb21haW4lM0R0ZXN0LnRlbGVyaWthY2FkZW15LmNvbSUyNm9yaWdpbiUzRGh0dHAlMjUzQSUyNTJGJTI1MkZ0ZXN0LnRlbGVyaWthY2FkZW15LmNvbSUyNTJGZjE1MGYzOWRjZWQyMWZlJTI2cmVsYXRpb24lM0RwYXJlbnQucGFyZW50IiBDb3JyZWxhdGlvbkJpbmRpbmc9IiIgVXJsRW5jb2RlPSJGYWxzZSIgVXNlVG9Hcm91cFJlc3VsdHM9IkZhbHNlIiAvPg0KICAgICAgICA8UXVlcnlTdHJpbmdQYXJhbWV0ZXIgTmFtZT0iaGVhZGVyIiBWYWx1ZT0idHJ1ZSIgUmVjb3JkZWRWYWx1ZT0idHJ1ZSIgQ29ycmVsYXRpb25CaW5kaW5nPSIiIFVybEVuY29kZT0iRmFsc2UiIFVzZVRvR3JvdXBSZXN1bHRzPSJGYWxzZSIgLz4NCiAgICAgICAgPFF1ZXJ5U3RyaW5nUGFyYW1ldGVyIE5hbWU9ImhlaWdodCIgVmFsdWU9IjQ2OCIgUmVjb3JkZWRWYWx1ZT0iNDY4IiBDb3JyZWxhdGlvbkJpbmRpbmc9IiIgVXJsRW5jb2RlPSJGYWxzZSIgVXNlVG9Hcm91cFJlc3VsdHM9IkZhbHNlIiAvPg0KICAgICAgICA8UXVlcnlTdHJpbmdQYXJhbWV0ZXIgTmFtZT0iaHJlZiIgVmFsdWU9Imh0dHAlM0ElMkYlMkZ3d3cuZmFjZWJvb2suY29tJTJGVGVsZXJpa0FjYWRlbXkiIFJlY29yZGVkVmFsdWU9Imh0dHAlM0ElMkYlMkZ3d3cuZmFjZWJvb2suY29tJTJGVGVsZXJpa0FjYWRlbXkiIENvcnJlbGF0aW9uQmluZGluZz0iIiBVcmxFbmNvZGU9IkZhbHNlIiBVc2VUb0dyb3VwUmVzdWx0cz0iRmFsc2UiIC8+DQogICAgICAgIDxRdWVyeVN0cmluZ1BhcmFtZXRlciBOYW1lPSJsb2NhbGUiIFZhbHVlPSJlbl9VUyIgUmVjb3JkZWRWYWx1ZT0iZW5fVVMiIENvcnJlbGF0aW9uQmluZGluZz0iIiBVcmxFbmNvZGU9IkZhbHNlIiBVc2VUb0dyb3VwUmVzdWx0cz0iRmFsc2UiIC8+DQogICAgICAgIDxRdWVyeVN0cmluZ1BhcmFtZXRlciBOYW1lPSJzZGsiIFZhbHVlPSJqb2V5IiBSZWNvcmRlZFZhbHVlPSJqb2V5IiBDb3JyZWxhdGlvbkJpbmRpbmc9IiIgVXJsRW5jb2RlPSJGYWxzZSIgVXNlVG9Hcm91cFJlc3VsdHM9IkZhbHNlIiAvPg0KICAgICAgICA8UXVlcnlTdHJpbmdQYXJhbWV0ZXIgTmFtZT0ic2hvd19mYWNlcyIgVmFsdWU9ImZhbHNlIiBSZWNvcmRlZFZhbHVlPSJmYWxzZSIgQ29ycmVsYXRpb25CaW5kaW5nPSIiIFVybEVuY29kZT0iRmFsc2UiIFVzZVRvR3JvdXBSZXN1bHRzPSJGYWxzZSIgLz4NCiAgICAgICAgPFF1ZXJ5U3RyaW5nUGFyYW1ldGVyIE5hbWU9InN0cmVhbSIgVmFsdWU9InRydWUiIFJlY29yZGVkVmFsdWU9InRydWUiIENvcnJlbGF0aW9uQmluZGluZz0iIiBVcmxFbmNvZGU9IkZhbHNlIiBVc2VUb0dyb3VwUmVzdWx0cz0iRmFsc2UiIC8+DQogICAgICAgIDxRdWVyeVN0cmluZ1BhcmFtZXRlciBOYW1lPSJ3aWR0aCIgVmFsdWU9IjYyMCIgUmVjb3JkZWRWYWx1ZT0iNjIwIiBDb3JyZWxhdGlvbkJpbmRpbmc9IiIgVXJsRW5jb2RlPSJGYWxzZSIgVXNlVG9Hcm91cFJlc3VsdHM9IkZhbHNlIiAvPg0KICAgICAgPC9RdWVyeVN0cmluZ1BhcmFtZXRlcnM+DQogICAgPC9SZXF1ZXN0Pg0KICAgIDxSZXF1ZXN0IE1ldGhvZD0iR0VUIiBHdWlkPSI5N2EyNjYyNS02ZjY3LTQxYWItOTFkMy1jOGEzZDk5MGJjNzQiIFZlcnNpb249IjEuMSIgVXJsPSJodHRwOi8vdGVzdC50ZWxlcmlrYWNhZGVteS5jb20vVXNlcnMvQXV0aC9Mb2dpbiIgVGhpbmtUaW1lPSIzMSIgVGltZW91dD0iMzAwIiBQYXJzZURlcGVuZGVudFJlcXVlc3RzPSJUcnVlIiBGb2xsb3dSZWRpcmVjdHM9IlRydWUiIFJlY29yZFJlc3VsdD0iVHJ1ZSIgQ2FjaGU9IkZhbHNlIiBSZXNwb25zZVRpbWVHb2FsPSIwIiBFbmNvZGluZz0idXRmLTgiIEV4cGVjdGVkSHR0cFN0YXR1c0NvZGU9IjAiIEV4cGVjdGVkUmVzcG9uc2VVcmw9IiIgUmVwb3J0aW5nTmFtZT0iIiBJZ25vcmVIdHRwU3RhdHVzQ29kZT0iRmFsc2UiPg0KICAgICAgPEhlYWRlcnM+DQogICAgICAgIDxIZWFkZXIgTmFtZT0iUmVmZXJlciIgVmFsdWU9Imh0dHA6Ly90ZXN0LnRlbGVyaWthY2FkZW15LmNvbS8iIC8+DQogICAgICA8L0hlYWRlcnM+DQogICAgPC9SZXF1ZXN0Pg0KICAgIDxSZXF1ZXN0IE1ldGhvZD0iUE9TVCIgR3VpZD0iNGY1MDE4YjctN2E0NS00MjA4LWJkZWMtZWMzOTAyN2FjM2Q0IiBWZXJzaW9uPSIxLjEiIFVybD0iaHR0cDovL3Rlc3QudGVsZXJpa2FjYWRlbXkuY29tL1VzZXJzL0F1dGgvTG9naW4iIFRoaW5rVGltZT0iMSIgVGltZW91dD0iMzAwIiBQYXJzZURlcGVuZGVudFJlcXVlc3RzPSJUcnVlIiBGb2xsb3dSZWRpcmVjdHM9IlRydWUiIFJlY29yZFJlc3VsdD0iVHJ1ZSIgQ2FjaGU9IkZhbHNlIiBSZXNwb25zZVRpbWVHb2FsPSIwIiBFbmNvZGluZz0idXRmLTgiIEV4cGVjdGVkSHR0cFN0YXR1c0NvZGU9IjAiIEV4cGVjdGVkUmVzcG9uc2VVcmw9Imh0dHA6Ly90ZXN0LnRlbGVyaWthY2FkZW15LmNvbS8iIFJlcG9ydGluZ05hbWU9IiIgSWdub3JlSHR0cFN0YXR1c0NvZGU9IkZhbHNlIj4NCiAgICAgIDxIZWFkZXJzPg0KICAgICAgICA8SGVhZGVyIE5hbWU9IlJlZmVyZXIiIFZhbHVlPSJodHRwOi8vdGVzdC50ZWxlcmlrYWNhZGVteS5jb20vVXNlcnMvQXV0aC9Mb2dpbiIgLz4NCiAgICAgIDwvSGVhZGVycz4NCiAgICAgIDxGb3JtUG9zdEh0dHBCb2R5Pg0KICAgICAgICA8Rm9ybVBvc3RQYXJhbWV0ZXIgTmFtZT0iVXNlcm5hbWVPckVtYWlsIiBWYWx1ZT0iVGVzdFVzZXIyIiBSZWNvcmRlZFZhbHVlPSJUZXN0VXNlcjIiIENvcnJlbGF0aW9uQmluZGluZz0iIiBVcmxFbmNvZGU9IlRydWUiIC8+DQogICAgICAgIDxGb3JtUG9zdFBhcmFtZXRlciBOYW1lPSJQYXNzd29yZCIgVmFsdWU9InRlc3R0ZXN0IiBSZWNvcmRlZFZhbHVlPSJ0ZXN0dGVzdCIgQ29ycmVsYXRpb25CaW5kaW5nPSIiIFVybEVuY29kZT0iVHJ1ZSIgLz4NCiAgICAgIDwvRm9ybVBvc3RIdHRwQm9keT4NCiAgICA8L1JlcXVlc3Q+DQogICAgPFJlcXVlc3QgTWV0aG9kPSJHRVQiIEd1aWQ9ImE2MDhlOGJlLWY5NzAtNDhiMS1hNDBiLTEzNzYwODA2MjY5ZCIgVmVyc2lvbj0iMS4xIiBVcmw9Imh0dHBzOi8vd3d3LmZhY2Vib29rLmNvbS9jb25uZWN0L3BpbmciIFRoaW5rVGltZT0iMCIgVGltZW91dD0iMzAwIiBQYXJzZURlcGVuZGVudFJlcXVlc3RzPSJUcnVlIiBGb2xsb3dSZWRpcmVjdHM9IlRydWUiIFJlY29yZFJlc3VsdD0iVHJ1ZSIgQ2FjaGU9IkZhbHNlIiBSZXNwb25zZVRpbWVHb2FsPSIwIiBFbmNvZGluZz0idXRmLTgiIEV4cGVjdGVkSHR0cFN0YXR1c0NvZGU9IjAiIEV4cGVjdGVkUmVzcG9uc2VVcmw9IiIgUmVwb3J0aW5nTmFtZT0iIiBJZ25vcmVIdHRwU3RhdHVzQ29kZT0iRmFsc2UiPg0KICAgICAgPEhlYWRlcnM+DQogICAgICAgIDxIZWFkZXIgTmFtZT0iUmVmZXJlciIgVmFsdWU9Imh0dHA6Ly90ZXN0LnRlbGVyaWthY2FkZW15LmNvbS8iIC8+DQogICAgICA8L0hlYWRlcnM+DQogICAgICA8UXVlcnlTdHJpbmdQYXJhbWV0ZXJzPg0KICAgICAgICA8UXVlcnlTdHJpbmdQYXJhbWV0ZXIgTmFtZT0iY2xpZW50X2lkIiBWYWx1ZT0iMjQyNjI0Njk5MTc0MzMzIiBSZWNvcmRlZFZhbHVlPSIyNDI2MjQ2OTkxNzQzMzMiIENvcnJlbGF0aW9uQmluZGluZz0iIiBVcmxFbmNvZGU9IkZhbHNlIiBVc2VUb0dyb3VwUmVzdWx0cz0iRmFsc2UiIC8+DQogICAgICAgIDxRdWVyeVN0cmluZ1BhcmFtZXRlciBOYW1lPSJkb21haW4iIFZhbHVlPSJ0ZXN0LnRlbGVyaWthY2FkZW15LmNvbSIgUmVjb3JkZWRWYWx1ZT0idGVzdC50ZWxlcmlrYWNhZGVteS5jb20iIENvcnJlbGF0aW9uQmluZGluZz0ie3tRdWVyeVN0cmluZ1BhcmFtMTYwLmRvbWFpbn19IiBVcmxFbmNvZGU9IkZhbHNlIiBVc2VUb0dyb3VwUmVzdWx0cz0iRmFsc2UiIC8+DQogICAgICAgIDxRdWVyeVN0cmluZ1BhcmFtZXRlciBOYW1lPSJvcmlnaW4iIFZhbHVlPSIxIiBSZWNvcmRlZFZhbHVlPSIxIiBDb3JyZWxhdGlvbkJpbmRpbmc9IiIgVXJsRW5jb2RlPSJGYWxzZSIgVXNlVG9Hcm91cFJlc3VsdHM9IkZhbHNlIiAvPg0KICAgICAgICA8UXVlcnlTdHJpbmdQYXJhbWV0ZXIgTmFtZT0icmVkaXJlY3RfdXJpIiBWYWx1ZT0iaHR0cCUzQSUyRiUyRnN0YXRpYy5hay5mYWNlYm9vay5jb20lMkZjb25uZWN0JTJGeGRfYXJiaXRlciUyRlFqSzJoV3Y2dWFrLmpzJTNGdmVyc2lvbiUzRDQxJTIzY2IlM0RmM2NiNmY2OWM5NWE0MWMlMjZkb21haW4lM0R0ZXN0LnRlbGVyaWthY2FkZW15LmNvbSUyNm9yaWdpbiUzRGh0dHAlMjUzQSUyNTJGJTI1MkZ0ZXN0LnRlbGVyaWthY2FkZW15LmNvbSUyNTJGZjNlN2ZhOTg5ZTE1OWIlMjZyZWxhdGlvbiUzRHBhcmVudCIgUmVjb3JkZWRWYWx1ZT0iaHR0cCUzQSUyRiUyRnN0YXRpYy5hay5mYWNlYm9vay5jb20lMkZjb25uZWN0JTJGeGRfYXJiaXRlciUyRlFqSzJoV3Y2dWFrLmpzJTNGdmVyc2lvbiUzRDQxJTIzY2IlM0RmM2NiNmY2OWM5NWE0MWMlMjZkb21haW4lM0R0ZXN0LnRlbGVyaWthY2FkZW15LmNvbSUyNm9yaWdpbiUzRGh0dHAlMjUzQSUyNTJGJTI1MkZ0ZXN0LnRlbGVyaWthY2FkZW15LmNvbSUyNTJGZjNlN2ZhOTg5ZTE1OWIlMjZyZWxhdGlvbiUzRHBhcmVudCIgQ29ycmVsYXRpb25CaW5kaW5nPSIiIFVybEVuY29kZT0iRmFsc2UiIFVzZVRvR3JvdXBSZXN1bHRzPSJGYWxzZSIgLz4NCiAgICAgICAgPFF1ZXJ5U3RyaW5nUGFyYW1ldGVyIE5hbWU9InJlc3BvbnNlX3R5cGUiIFZhbHVlPSJ0b2tlbiUyQ3NpZ25lZF9yZXF1ZXN0JTJDY29kZSIgUmVjb3JkZWRWYWx1ZT0idG9rZW4lMkNzaWduZWRfcmVxdWVzdCUyQ2NvZGUiIENvcnJlbGF0aW9uQmluZGluZz0iIiBVcmxFbmNvZGU9IkZhbHNlIiBVc2VUb0dyb3VwUmVzdWx0cz0iRmFsc2UiIC8+DQogICAgICAgIDxRdWVyeVN0cmluZ1BhcmFtZXRlciBOYW1lPSJzZGsiIFZhbHVlPSJqb2V5IiBSZWNvcmRlZFZhbHVlPSJqb2V5IiBDb3JyZWxhdGlvbkJpbmRpbmc9IiIgVXJsRW5jb2RlPSJGYWxzZSIgVXNlVG9Hcm91cFJlc3VsdHM9IkZhbHNlIiAvPg0KICAgICAgPC9RdWVyeVN0cmluZ1BhcmFtZXRlcnM+DQogICAgPC9SZXF1ZXN0Pg0KICAgIDxSZXF1ZXN0IE1ldGhvZD0iR0VUIiBHdWlkPSIzNTUwMTZkYy01OTU4LTRjMmItOWM0Yy0yYzAzYjg3Y2QyNjciIFZlcnNpb249IjEuMSIgVXJsPSJodHRwOi8vd3d3LmZhY2Vib29rLmNvbS9wbHVnaW5zL2xpa2VfYm94LnBocCIgVGhpbmtUaW1lPSIwIiBUaW1lb3V0PSIzMDAiIFBhcnNlRGVwZW5kZW50UmVxdWVzdHM9IlRydWUiIEZvbGxvd1JlZGlyZWN0cz0iVHJ1ZSIgUmVjb3JkUmVzdWx0PSJUcnVlIiBDYWNoZT0iRmFsc2UiIFJlc3BvbnNlVGltZUdvYWw9IjAiIEVuY29kaW5nPSJ1dGYtOCIgRXhwZWN0ZWRIdHRwU3RhdHVzQ29kZT0iMCIgRXhwZWN0ZWRSZXNwb25zZVVybD0iaHR0cHM6Ly93d3cuZmFjZWJvb2suY29tL3BsdWdpbnMvbGlrZV9ib3gucGhwP2FwcF9pZD0yNDI2MjQ2OTkxNzQzMzMmYW1wO2NoYW5uZWw9aHR0cCUzQSUyRiUyRnN0YXRpYy5hay5mYWNlYm9vay5jb20lMkZjb25uZWN0JTJGeGRfYXJiaXRlciUyRlFqSzJoV3Y2dWFrLmpzJTNGdmVyc2lvbiUzRDQxJTIzY2IlM0RmMzU2NDhmZGRkOTdiNjYlMjZkb21haW4lM0R0ZXN0LnRlbGVyaWthY2FkZW15LmNvbSUyNm9yaWdpbiUzRGh0dHAlMjUzQSUyNTJGJTI1MkZ0ZXN0LnRlbGVyaWthY2FkZW15LmNvbSUyNTJGZjNlN2ZhOTg5ZTE1OWIlMjZyZWxhdGlvbiUzRHBhcmVudC5wYXJlbnQmYW1wO2hlYWRlcj10cnVlJmFtcDtoZWlnaHQ9NDY4JmFtcDtocmVmPWh0dHAlM0ElMkYlMkZ3d3cuZmFjZWJvb2suY29tJTJGVGVsZXJpa0FjYWRlbXkmYW1wO2xvY2FsZT1lbl9VUyZhbXA7c2RrPWpvZXkmYW1wO3Nob3dfZmFjZXM9ZmFsc2UmYW1wO3N0cmVhbT10cnVlJmFtcDt3aWR0aD02MjAiIFJlcG9ydGluZ05hbWU9IiIgSWdub3JlSHR0cFN0YXR1c0NvZGU9IkZhbHNlIj4NCiAgICAgIDxEZXBlbmRlbnRSZXF1ZXN0cz4NCiAgICAgICAgPFJlcXVlc3QgTWV0aG9kPSJHRVQiIEd1aWQ9ImYzZWM5YTRiLThhZTQtNDAzZi1hMWY4LWRhOTg3N2QzMDZjOSIgVmVyc2lvbj0iMS4xIiBVcmw9Imh0dHBzOi8vd3d3LmZhY2Vib29rLmNvbS9wbHVnaW5zL2xpa2Vib3gvc3RyZWFtIiBUaGlua1RpbWU9IjIiIFRpbWVvdXQ9IjMwMCIgUGFyc2VEZXBlbmRlbnRSZXF1ZXN0cz0iVHJ1ZSIgRm9sbG93UmVkaXJlY3RzPSJUcnVlIiBSZWNvcmRSZXN1bHQ9IlRydWUiIENhY2hlPSJGYWxzZSIgUmVzcG9uc2VUaW1lR29hbD0iMCIgRW5jb2Rpbmc9InV0Zi04IiBFeHBlY3RlZEh0dHBTdGF0dXNDb2RlPSIwIiBFeHBlY3RlZFJlc3BvbnNlVXJsPSIiIFJlcG9ydGluZ05hbWU9IiIgSWdub3JlSHR0cFN0YXR1c0NvZGU9IkZhbHNlIj4NCiAgICAgICAgICA8SGVhZGVycz4NCiAgICAgICAgICAgIDxIZWFkZXIgTmFtZT0iUmVmZXJlciIgVmFsdWU9Imh0dHBzOi8vd3d3LmZhY2Vib29rLmNvbS9wbHVnaW5zL2xpa2VfYm94LnBocD9hcHBfaWQ9MjQyNjI0Njk5MTc0MzMzJmFtcDtjaGFubmVsPWh0dHAlM0ElMkYlMkZzdGF0aWMuYWsuZmFjZWJvb2suY29tJTJGY29ubmVjdCUyRnhkX2FyYml0ZXIlMkZRaksyaFd2NnVhay5qcyUzRnZlcnNpb24lM0Q0MSUyM2NiJTNEZjM1NjQ4ZmRkZDk3YjY2JTI2ZG9tYWluJTNEdGVzdC50ZWxlcmlrYWNhZGVteS5jb20lMjZvcmlnaW4lM0RodHRwJTI1M0ElMjUyRiUyNTJGdGVzdC50ZWxlcmlrYWNhZGVteS5jb20lMjUyRmYzZTdmYTk4OWUxNTliJTI2cmVsYXRpb24lM0RwYXJlbnQucGFyZW50JmFtcDtoZWFkZXI9dHJ1ZSZhbXA7aGVpZ2h0PTQ2OCZhbXA7aHJlZj1odHRwJTNBJTJGJTJGd3d3LmZhY2Vib29rLmNvbSUyRlRlbGVyaWtBY2FkZW15JmFtcDtsb2NhbGU9ZW5fVVMmYW1wO3Nkaz1qb2V5JmFtcDtzaG93X2ZhY2VzPWZhbHNlJmFtcDtzdHJlYW09dHJ1ZSZhbXA7d2lkdGg9NjIwIiAvPg0KICAgICAgICAgIDwvSGVhZGVycz4NCiAgICAgICAgICA8UXVlcnlTdHJpbmdQYXJhbWV0ZXJzPg0KICAgICAgICAgICAgPFF1ZXJ5U3RyaW5nUGFyYW1ldGVyIE5hbWU9ImlkIiBWYWx1ZT0iMjQ3ODM4NzcxOTA5MDgxIiBSZWNvcmRlZFZhbHVlPSIyNDc4Mzg3NzE5MDkwODEiIENvcnJlbGF0aW9uQmluZGluZz0iIiBVcmxFbmNvZGU9IkZhbHNlIiBVc2VUb0dyb3VwUmVzdWx0cz0iRmFsc2UiIC8+DQogICAgICAgICAgICA8UXVlcnlTdHJpbmdQYXJhbWV0ZXIgTmFtZT0iZG9tIiBWYWx1ZT0icGx1Z2luTGlrZWJveFN0cmVhbSIgUmVjb3JkZWRWYWx1ZT0icGx1Z2luTGlrZWJveFN0cmVhbSIgQ29ycmVsYXRpb25CaW5kaW5nPSIiIFVybEVuY29kZT0iRmFsc2UiIFVzZVRvR3JvdXBSZXN1bHRzPSJGYWxzZSIgLz4NCiAgICAgICAgICAgIDxRdWVyeVN0cmluZ1BhcmFtZXRlciBOYW1lPSJmb3JjZV93YWxsIiBWYWx1ZT0iZmFsc2UiIFJlY29yZGVkVmFsdWU9ImZhbHNlIiBDb3JyZWxhdGlvbkJpbmRpbmc9IiIgVXJsRW5jb2RlPSJGYWxzZSIgVXNlVG9Hcm91cFJlc3VsdHM9IkZhbHNlIiAvPg0KICAgICAgICAgICAgPFF1ZXJ5U3RyaW5nUGFyYW1ldGVyIE5hbWU9Im5vYm9vdGxvYWQiIFZhbHVlPSIxIiBSZWNvcmRlZFZhbHVlPSIxIiBDb3JyZWxhdGlvbkJpbmRpbmc9IiIgVXJsRW5jb2RlPSJGYWxzZSIgVXNlVG9Hcm91cFJlc3VsdHM9IkZhbHNlIiAvPg0KICAgICAgICAgICAgPFF1ZXJ5U3RyaW5nUGFyYW1ldGVyIE5hbWU9ImlubGluZWNzcyIgVmFsdWU9IjEiIFJlY29yZGVkVmFsdWU9IjEiIENvcnJlbGF0aW9uQmluZGluZz0iIiBVcmxFbmNvZGU9IkZhbHNlIiBVc2VUb0dyb3VwUmVzdWx0cz0iRmFsc2UiIC8+DQogICAgICAgICAgICA8UXVlcnlTdHJpbmdQYXJhbWV0ZXIgTmFtZT0id2lkdGgiIFZhbHVlPSI2MjAiIFJlY29yZGVkVmFsdWU9IjYyMCIgQ29ycmVsYXRpb25CaW5kaW5nPSIiIFVybEVuY29kZT0iRmFsc2UiIFVzZVRvR3JvdXBSZXN1bHRzPSJGYWxzZSIgLz4NCiAgICAgICAgICAgIDxRdWVyeVN0cmluZ1BhcmFtZXRlciBOYW1lPSJfX3VzZXIiIFZhbHVlPSIwIiBSZWNvcmRlZFZhbHVlPSIwIiBDb3JyZWxhdGlvbkJpbmRpbmc9IiIgVXJsRW5jb2RlPSJGYWxzZSIgVXNlVG9Hcm91cFJlc3VsdHM9IkZhbHNlIiAvPg0KICAgICAgICAgICAgPFF1ZXJ5U3RyaW5nUGFyYW1ldGVyIE5hbWU9Il9fYSIgVmFsdWU9IjEiIFJlY29yZGVkVmFsdWU9IjEiIENvcnJlbGF0aW9uQmluZGluZz0iIiBVcmxFbmNvZGU9IkZhbHNlIiBVc2VUb0dyb3VwUmVzdWx0cz0iRmFsc2UiIC8+DQogICAgICAgICAgICA8UXVlcnlTdHJpbmdQYXJhbWV0ZXIgTmFtZT0iX19keW4iIFZhbHVlPSI3d2ZHYndLQldvMnZ3QXciIFJlY29yZGVkVmFsdWU9Ijd3Zkdid0tCV28ydndBdyIgQ29ycmVsYXRpb25CaW5kaW5nPSIiIFVybEVuY29kZT0iRmFsc2UiIFVzZVRvR3JvdXBSZXN1bHRzPSJGYWxzZSIgLz4NCiAgICAgICAgICAgIDxRdWVyeVN0cmluZ1BhcmFtZXRlciBOYW1lPSJfX3JlcSIgVmFsdWU9IjEiIFJlY29yZGVkVmFsdWU9IjEiIENvcnJlbGF0aW9uQmluZGluZz0iIiBVcmxFbmNvZGU9IkZhbHNlIiBVc2VUb0dyb3VwUmVzdWx0cz0iRmFsc2UiIC8+DQogICAgICAgICAgICA8UXVlcnlTdHJpbmdQYXJhbWV0ZXIgTmFtZT0ibG9jYWxlIiBWYWx1ZT0iZW5fVVMiIFJlY29yZGVkVmFsdWU9ImVuX1VTIiBDb3JyZWxhdGlvbkJpbmRpbmc9IiIgVXJsRW5jb2RlPSJGYWxzZSIgVXNlVG9Hcm91cFJlc3VsdHM9IkZhbHNlIiAvPg0KICAgICAgICAgICAgPFF1ZXJ5U3RyaW5nUGFyYW1ldGVyIE5hbWU9Il9fcmV2IiBWYWx1ZT0iMTQ5Mjc4MiIgUmVjb3JkZWRWYWx1ZT0iMTQ5Mjc4MiIgQ29ycmVsYXRpb25CaW5kaW5nPSIiIFVybEVuY29kZT0iRmFsc2UiIFVzZVRvR3JvdXBSZXN1bHRzPSJGYWxzZSIgLz4NCiAgICAgICAgICA8L1F1ZXJ5U3RyaW5nUGFyYW1ldGVycz4NCiAgICAgICAgPC9SZXF1ZXN0Pg0KICAgICAgPC9EZXBlbmRlbnRSZXF1ZXN0cz4NCiAgICAgIDxIZWFkZXJzPg0KICAgICAgICA8SGVhZGVyIE5hbWU9IlJlZmVyZXIiIFZhbHVlPSJodHRwOi8vdGVzdC50ZWxlcmlrYWNhZGVteS5jb20vIiAvPg0KICAgICAgPC9IZWFkZXJzPg0KICAgICAgPENvcnJlbGF0aW9uRXh0cmFjdGlvblJ1bGVzPg0KICAgICAgICA8RXh0cmFjdGlvblJ1bGUgQ2xhc3NuYW1lPSJNaWNyb3NvZnQuVmlzdWFsU3R1ZGlvLlRlc3RUb29scy5XZWJUZXN0aW5nLlJ1bGVzLkV4dHJhY3RUZXh0LCBNaWNyb3NvZnQuVmlzdWFsU3R1ZGlvLlF1YWxpdHlUb29scy5XZWJUZXN0RnJhbWV3b3JrLCBWZXJzaW9uPTEwLjAuMC4wLCBDdWx0dXJlPW5ldXRyYWwsIFB1YmxpY0tleVRva2VuPWIwM2Y1ZjdmMTFkNTBhM2EiIFZhcmlhYmxlTmFtZT0iUXVlcnlTdHJpbmdQYXJhbTM5NC52ZXJzaW9uIiBEaXNwbGF5TmFtZT0iIiBEZXNjcmlwdGlvbj0iIj4NCiAgICAgICAgICA8UnVsZVBhcmFtZXRlcnM+DQogICAgICAgICAgICA8UnVsZVBhcmFtZXRlciBOYW1lPSJTdGFydHNXaXRoIiBWYWx1ZT0iP3ZlcnNpb249IiAvPg0KICAgICAgICAgICAgPFJ1bGVQYXJhbWV0ZXIgTmFtZT0iRW5kc1dpdGgiIFZhbHVlPSIjIiAvPg0KICAgICAgICAgICAgPFJ1bGVQYXJhbWV0ZXIgTmFtZT0iSW5kZXgiIFZhbHVlPSIwIiAvPg0KICAgICAgICAgICAgPFJ1bGVQYXJhbWV0ZXIgTmFtZT0iSWdub3JlQ2FzZSIgVmFsdWU9IkZhbHNlIiAvPg0KICAgICAgICAgICAgPFJ1bGVQYXJhbWV0ZXIgTmFtZT0iVXNlUmVndWxhckV4cHJlc3Npb24iIFZhbHVlPSJGYWxzZSIgLz4NCiAgICAgICAgICAgIDxSdWxlUGFyYW1ldGVyIE5hbWU9Ikh0bWxEZWNvZGUiIFZhbHVlPSJUcnVlIiAvPg0KICAgICAgICAgICAgPFJ1bGVQYXJhbWV0ZXIgTmFtZT0iUmVxdWlyZWQiIFZhbHVlPSJGYWxzZSIgLz4NCiAgICAgICAgICA8L1J1bGVQYXJhbWV0ZXJzPg0KICAgICAgICA8L0V4dHJhY3Rpb25SdWxlPg0KICAgICAgICA8RXh0cmFjdGlvblJ1bGUgQ2xhc3NuYW1lPSJNaWNyb3NvZnQuVmlzdWFsU3R1ZGlvLlRlc3RUb29scy5XZWJUZXN0aW5nLlJ1bGVzLkV4dHJhY3RUZXh0LCBNaWNyb3NvZnQuVmlzdWFsU3R1ZGlvLlF1YWxpdHlUb29scy5XZWJUZXN0RnJhbWV3b3JrLCBWZXJzaW9uPTEwLjAuMC4wLCBDdWx0dXJlPW5ldXRyYWwsIFB1YmxpY0tleVRva2VuPWIwM2Y1ZjdmMTFkNTBhM2EiIFZhcmlhYmxlTmFtZT0iUXVlcnlTdHJpbmdQYXJhbTQxMi52ZXJzaW9uIiBEaXNwbGF5TmFtZT0iIiBEZXNjcmlwdGlvbj0iIj4NCiAgICAgICAgICA8UnVsZVBhcmFtZXRlcnM+DQogICAgICAgICAgICA8UnVsZVBhcmFtZXRlciBOYW1lPSJTdGFydHNXaXRoIiBWYWx1ZT0iP3ZlcnNpb249IiAvPg0KICAgICAgICAgICAgPFJ1bGVQYXJhbWV0ZXIgTmFtZT0iRW5kc1dpdGgiIFZhbHVlPSIjIiAvPg0KICAgICAgICAgICAgPFJ1bGVQYXJhbWV0ZXIgTmFtZT0iSW5kZXgiIFZhbHVlPSIwIiAvPg0KICAgICAgICAgICAgPFJ1bGVQYXJhbWV0ZXIgTmFtZT0iSWdub3JlQ2FzZSIgVmFsdWU9IkZhbHNlIiAvPg0KICAgICAgICAgICAgPFJ1bGVQYXJhbWV0ZXIgTmFtZT0iVXNlUmVndWxhckV4cHJlc3Npb24iIFZhbHVlPSJGYWxzZSIgLz4NCiAgICAgICAgICAgIDxSdWxlUGFyYW1ldGVyIE5hbWU9Ikh0bWxEZWNvZGUiIFZhbHVlPSJUcnVlIiAvPg0KICAgICAgICAgICAgPFJ1bGVQYXJhbWV0ZXIgTmFtZT0iUmVxdWlyZWQiIFZhbHVlPSJGYWxzZSIgLz4NCiAgICAgICAgICA8L1J1bGVQYXJhbWV0ZXJzPg0KICAgICAgICA8L0V4dHJhY3Rpb25SdWxlPg0KICAgICAgICA8RXh0cmFjdGlvblJ1bGUgQ2xhc3NuYW1lPSJNaWNyb3NvZnQuVmlzdWFsU3R1ZGlvLlRlc3RUb29scy5XZWJUZXN0aW5nLlJ1bGVzLkV4dHJhY3RUZXh0LCBNaWNyb3NvZnQuVmlzdWFsU3R1ZGlvLlF1YWxpdHlUb29scy5XZWJUZXN0RnJhbWV3b3JrLCBWZXJzaW9uPTEwLjAuMC4wLCBDdWx0dXJlPW5ldXRyYWwsIFB1YmxpY0tleVRva2VuPWIwM2Y1ZjdmMTFkNTBhM2EiIFZhcmlhYmxlTmFtZT0iUXVlcnlTdHJpbmdQYXJhbTQ4Ny5kb21haW4iIERpc3BsYXlOYW1lPSIiIERlc2NyaXB0aW9uPSIiPg0KICAgICAgICAgIDxSdWxlUGFyYW1ldGVycz4NCiAgICAgICAgICAgIDxSdWxlUGFyYW1ldGVyIE5hbWU9IlN0YXJ0c1dpdGgiIFZhbHVlPSImYW1wO2RvbWFpbj0iIC8+DQogICAgICAgICAgICA8UnVsZVBhcmFtZXRlciBOYW1lPSJFbmRzV2l0aCIgVmFsdWU9IiZhbXA7IiAvPg0KICAgICAgICAgICAgPFJ1bGVQYXJhbWV0ZXIgTmFtZT0iSW5kZXgiIFZhbHVlPSIwIiAvPg0KICAgICAgICAgICAgPFJ1bGVQYXJhbWV0ZXIgTmFtZT0iSWdub3JlQ2FzZSIgVmFsdWU9IkZhbHNlIiAvPg0KICAgICAgICAgICAgPFJ1bGVQYXJhbWV0ZXIgTmFtZT0iVXNlUmVndWxhckV4cHJlc3Npb24iIFZhbHVlPSJGYWxzZSIgLz4NCiAgICAgICAgICAgIDxSdWxlUGFyYW1ldGVyIE5hbWU9Ikh0bWxEZWNvZGUiIFZhbHVlPSJUcnVlIiAvPg0KICAgICAgICAgICAgPFJ1bGVQYXJhbWV0ZXIgTmFtZT0iUmVxdWlyZWQiIFZhbHVlPSJGYWxzZSIgLz4NCiAgICAgICAgICA8L1J1bGVQYXJhbWV0ZXJzPg0KICAgICAgICA8L0V4dHJhY3Rpb25SdWxlPg0KICAgICAgPC9Db3JyZWxhdGlvbkV4dHJhY3Rpb25SdWxlcz4NCiAgICAgIDxRdWVyeVN0cmluZ1BhcmFtZXRlcnM+DQogICAgICAgIDxRdWVyeVN0cmluZ1BhcmFtZXRlciBOYW1lPSJhcHBfaWQiIFZhbHVlPSIyNDI2MjQ2OTkxNzQzMzMiIFJlY29yZGVkVmFsdWU9IjI0MjYyNDY5OTE3NDMzMyIgQ29ycmVsYXRpb25CaW5kaW5nPSIiIFVybEVuY29kZT0iRmFsc2UiIFVzZVRvR3JvdXBSZXN1bHRzPSJGYWxzZSIgLz4NCiAgICAgICAgPFF1ZXJ5U3RyaW5nUGFyYW1ldGVyIE5hbWU9ImNoYW5uZWwiIFZhbHVlPSJodHRwJTNBJTJGJTJGc3RhdGljLmFrLmZhY2Vib29rLmNvbSUyRmNvbm5lY3QlMkZ4ZF9hcmJpdGVyJTJGUWpLMmhXdjZ1YWsuanMlM0Z2ZXJzaW9uJTNENDElMjNjYiUzRGYzNTY0OGZkZGQ5N2I2NiUyNmRvbWFpbiUzRHRlc3QudGVsZXJpa2FjYWRlbXkuY29tJTI2b3JpZ2luJTNEaHR0cCUyNTNBJTI1MkYlMjUyRnRlc3QudGVsZXJpa2FjYWRlbXkuY29tJTI1MkZmM2U3ZmE5ODllMTU5YiUyNnJlbGF0aW9uJTNEcGFyZW50LnBhcmVudCIgUmVjb3JkZWRWYWx1ZT0iaHR0cCUzQSUyRiUyRnN0YXRpYy5hay5mYWNlYm9vay5jb20lMkZjb25uZWN0JTJGeGRfYXJiaXRlciUyRlFqSzJoV3Y2dWFrLmpzJTNGdmVyc2lvbiUzRDQxJTIzY2IlM0RmMzU2NDhmZGRkOTdiNjYlMjZkb21haW4lM0R0ZXN0LnRlbGVyaWthY2FkZW15LmNvbSUyNm9yaWdpbiUzRGh0dHAlMjUzQSUyNTJGJTI1MkZ0ZXN0LnRlbGVyaWthY2FkZW15LmNvbSUyNTJGZjNlN2ZhOTg5ZTE1OWIlMjZyZWxhdGlvbiUzRHBhcmVudC5wYXJlbnQiIENvcnJlbGF0aW9uQmluZGluZz0iIiBVcmxFbmNvZGU9IkZhbHNlIiBVc2VUb0dyb3VwUmVzdWx0cz0iRmFsc2UiIC8+DQogICAgICAgIDxRdWVyeVN0cmluZ1BhcmFtZXRlciBOYW1lPSJoZWFkZXIiIFZhbHVlPSJ0cnVlIiBSZWNvcmRlZFZhbHVlPSJ0cnVlIiBDb3JyZWxhdGlvbkJpbmRpbmc9IiIgVXJsRW5jb2RlPSJGYWxzZSIgVXNlVG9Hcm91cFJlc3VsdHM9IkZhbHNlIiAvPg0KICAgICAgICA8UXVlcnlTdHJpbmdQYXJhbWV0ZXIgTmFtZT0iaGVpZ2h0IiBWYWx1ZT0iNDY4IiBSZWNvcmRlZFZhbHVlPSI0NjgiIENvcnJlbGF0aW9uQmluZGluZz0iIiBVcmxFbmNvZGU9IkZhbHNlIiBVc2VUb0dyb3VwUmVzdWx0cz0iRmFsc2UiIC8+DQogICAgICAgIDxRdWVyeVN0cmluZ1BhcmFtZXRlciBOYW1lPSJocmVmIiBWYWx1ZT0iaHR0cCUzQSUyRiUyRnd3dy5mYWNlYm9vay5jb20lMkZUZWxlcmlrQWNhZGVteSIgUmVjb3JkZWRWYWx1ZT0iaHR0cCUzQSUyRiUyRnd3dy5mYWNlYm9vay5jb20lMkZUZWxlcmlrQWNhZGVteSIgQ29ycmVsYXRpb25CaW5kaW5nPSIiIFVybEVuY29kZT0iRmFsc2UiIFVzZVRvR3JvdXBSZXN1bHRzPSJGYWxzZSIgLz4NCiAgICAgICAgPFF1ZXJ5U3RyaW5nUGFyYW1ldGVyIE5hbWU9ImxvY2FsZSIgVmFsdWU9ImVuX1VTIiBSZWNvcmRlZFZhbHVlPSJlbl9VUyIgQ29ycmVsYXRpb25CaW5kaW5nPSIiIFVybEVuY29kZT0iRmFsc2UiIFVzZVRvR3JvdXBSZXN1bHRzPSJGYWxzZSIgLz4NCiAgICAgICAgPFF1ZXJ5U3RyaW5nUGFyYW1ldGVyIE5hbWU9InNkayIgVmFsdWU9ImpvZXkiIFJlY29yZGVkVmFsdWU9ImpvZXkiIENvcnJlbGF0aW9uQmluZGluZz0iIiBVcmxFbmNvZGU9IkZhbHNlIiBVc2VUb0dyb3VwUmVzdWx0cz0iRmFsc2UiIC8+DQogICAgICAgIDxRdWVyeVN0cmluZ1BhcmFtZXRlciBOYW1lPSJzaG93X2ZhY2VzIiBWYWx1ZT0iZmFsc2UiIFJlY29yZGVkVmFsdWU9ImZhbHNlIiBDb3JyZWxhdGlvbkJpbmRpbmc9IiIgVXJsRW5jb2RlPSJGYWxzZSIgVXNlVG9Hcm91cFJlc3VsdHM9IkZhbHNlIiAvPg0KICAgICAgICA8UXVlcnlTdHJpbmdQYXJhbWV0ZXIgTmFtZT0ic3RyZWFtIiBWYWx1ZT0idHJ1ZSIgUmVjb3JkZWRWYWx1ZT0idHJ1ZSIgQ29ycmVsYXRpb25CaW5kaW5nPSIiIFVybEVuY29kZT0iRmFsc2UiIFVzZVRvR3JvdXBSZXN1bHRzPSJGYWxzZSIgLz4NCiAgICAgICAgPFF1ZXJ5U3RyaW5nUGFyYW1ldGVyIE5hbWU9IndpZHRoIiBWYWx1ZT0iNjIwIiBSZWNvcmRlZFZhbHVlPSI2MjAiIENvcnJlbGF0aW9uQmluZGluZz0iIiBVcmxFbmNvZGU9IkZhbHNlIiBVc2VUb0dyb3VwUmVzdWx0cz0iRmFsc2UiIC8+DQogICAgICA8L1F1ZXJ5U3RyaW5nUGFyYW1ldGVycz4NCiAgICA8L1JlcXVlc3Q+DQogICAgPFJlcXVlc3QgTWV0aG9kPSJHRVQiIEd1aWQ9IjI5MzE3M2FmLTg4MDMtNDExZC05YzQ5LTFkMDA4YjZlMzliMiIgVmVyc2lvbj0iMS4xIiBVcmw9Imh0dHA6Ly90ZXN0LnRlbGVyaWthY2FkZW15LmNvbS9BZG1pbmlzdHJhdGlvbi9OYXZpZ2F0aW9uIiBUaGlua1RpbWU9IjMiIFRpbWVvdXQ9IjMwMCIgUGFyc2VEZXBlbmRlbnRSZXF1ZXN0cz0iVHJ1ZSIgRm9sbG93UmVkaXJlY3RzPSJUcnVlIiBSZWNvcmRSZXN1bHQ9IlRydWUiIENhY2hlPSJGYWxzZSIgUmVzcG9uc2VUaW1lR29hbD0iMCIgRW5jb2Rpbmc9InV0Zi04IiBFeHBlY3RlZEh0dHBTdGF0dXNDb2RlPSIwIiBFeHBlY3RlZFJlc3BvbnNlVXJsPSIiIFJlcG9ydGluZ05hbWU9IiIgSWdub3JlSHR0cFN0YXR1c0NvZGU9IkZhbHNlIj4NCiAgICAgIDxIZWFkZXJzPg0KICAgICAgICA8SGVhZGVyIE5hbWU9IlJlZmVyZXIiIFZhbHVlPSJodHRwOi8vdGVzdC50ZWxlcmlrYWNhZGVteS5jb20vIiAvPg0KICAgICAgPC9IZWFkZXJzPg0KICAgIDwvUmVxdWVzdD4NCiAgICA8UmVxdWVzdCBNZXRob2Q9IkdFVCIgR3VpZD0iMjdjNzc0OTQtZGM1My00NGYxLTg5MWQtOGRmOTVlZTExZWFjIiBWZXJzaW9uPSIxLjEiIFVybD0iaHR0cDovL3Rlc3QudGVsZXJpa2FjYWRlbXkuY29tL0tpZHNBY2FkZW15L0FkbWluaXN0cmF0aW9uS2lkc1NjaG9vbHNEb2N1bWVudHMiIFRoaW5rVGltZT0iMSIgVGltZW91dD0iMzAwIiBQYXJzZURlcGVuZGVudFJlcXVlc3RzPSJUcnVlIiBGb2xsb3dSZWRpcmVjdHM9IlRydWUiIFJlY29yZFJlc3VsdD0iVHJ1ZSIgQ2FjaGU9IkZhbHNlIiBSZXNwb25zZVRpbWVHb2FsPSIwIiBFbmNvZGluZz0idXRmLTgiIEV4cGVjdGVkSHR0cFN0YXR1c0NvZGU9IjAiIEV4cGVjdGVkUmVzcG9uc2VVcmw9IiIgUmVwb3J0aW5nTmFtZT0iIiBJZ25vcmVIdHRwU3RhdHVzQ29kZT0iRmFsc2UiPg0KICAgICAgPERlcGVuZGVudFJlcXVlc3RzPg0KICAgICAgICA8UmVxdWVzdCBNZXRob2Q9IlBPU1QiIEd1aWQ9IjM2ZjllYTExLTUxYjUtNGMyYi1hYWFhLTllNTVlY2Y1M2ViNiIgVmVyc2lvbj0iMS4xIiBVcmw9Imh0dHA6Ly90ZXN0LnRlbGVyaWthY2FkZW15LmNvbS9LaWRzQWNhZGVteS9BZG1pbmlzdHJhdGlvbktpZHNTY2hvb2xzRG9jdW1lbnRzL0tpZHNTY2hvb2xEb2N1bWVudHNSZWFkIiBUaGlua1RpbWU9IjEiIFRpbWVvdXQ9IjMwMCIgUGFyc2VEZXBlbmRlbnRSZXF1ZXN0cz0iVHJ1ZSIgRm9sbG93UmVkaXJlY3RzPSJUcnVlIiBSZWNvcmRSZXN1bHQ9IlRydWUiIENhY2hlPSJGYWxzZSIgUmVzcG9uc2VUaW1lR29hbD0iMCIgRW5jb2Rpbmc9InV0Zi04IiBFeHBlY3RlZEh0dHBTdGF0dXNDb2RlPSIwIiBFeHBlY3RlZFJlc3BvbnNlVXJsPSIiIFJlcG9ydGluZ05hbWU9IiIgSWdub3JlSHR0cFN0YXR1c0NvZGU9IkZhbHNlIj4NCiAgICAgICAgICA8SGVhZGVycz4NCiAgICAgICAgICAgIDxIZWFkZXIgTmFtZT0iQWNjZXB0IiBWYWx1ZT0iKi8qIiAvPg0KICAgICAgICAgICAgPEhlYWRlciBOYW1lPSJYLVJlcXVlc3RlZC1XaXRoIiBWYWx1ZT0iWE1MSHR0cFJlcXVlc3QiIC8+DQogICAgICAgICAgICA8SGVhZGVyIE5hbWU9IlJlZmVyZXIiIFZhbHVlPSJodHRwOi8vdGVzdC50ZWxlcmlrYWNhZGVteS5jb20vS2lkc0FjYWRlbXkvQWRtaW5pc3RyYXRpb25LaWRzU2Nob29sc0RvY3VtZW50cyIgLz4NCiAgICAgICAgICA8L0hlYWRlcnM+DQogICAgICAgICAgPEZvcm1Qb3N0SHR0cEJvZHk+DQogICAgICAgICAgICA8Rm9ybVBvc3RQYXJhbWV0ZXIgTmFtZT0ic29ydCIgVmFsdWU9IlVwbG9hZERhdGUtYXNjIiBSZWNvcmRlZFZhbHVlPSJVcGxvYWREYXRlLWFzYyIgQ29ycmVsYXRpb25CaW5kaW5nPSIiIFVybEVuY29kZT0iVHJ1ZSIgLz4NCiAgICAgICAgICAgIDxGb3JtUG9zdFBhcmFtZXRlciBOYW1lPSJwYWdlIiBWYWx1ZT0iMSIgUmVjb3JkZWRWYWx1ZT0iMSIgQ29ycmVsYXRpb25CaW5kaW5nPSJ7e0Zvcm1Qb3N0UGFyYW0xLnBhZ2V9fSIgVXJsRW5jb2RlPSJUcnVlIiAvPg0KICAgICAgICAgICAgPEZvcm1Qb3N0UGFyYW1ldGVyIE5hbWU9InBhZ2VTaXplIiBWYWx1ZT0iMjUiIFJlY29yZGVkVmFsdWU9IjI1IiBDb3JyZWxhdGlvbkJpbmRpbmc9IiIgVXJsRW5jb2RlPSJUcnVlIiAvPg0KICAgICAgICAgICAgPEZvcm1Qb3N0UGFyYW1ldGVyIE5hbWU9Imdyb3VwIiBWYWx1ZT0iIiBSZWNvcmRlZFZhbHVlPSIiIENvcnJlbGF0aW9uQmluZGluZz0iIiBVcmxFbmNvZGU9IlRydWUiIC8+DQogICAgICAgICAgICA8Rm9ybVBvc3RQYXJhbWV0ZXIgTmFtZT0iZmlsdGVyIiBWYWx1ZT0iIiBSZWNvcmRlZFZhbHVlPSIiIENvcnJlbGF0aW9uQmluZGluZz0iIiBVcmxFbmNvZGU9IlRydWUiIC8+DQogICAgICAgICAgPC9Gb3JtUG9zdEh0dHBCb2R5Pg0KICAgICAgICA8L1JlcXVlc3Q+DQogICAgICA8L0RlcGVuZGVudFJlcXVlc3RzPg0KICAgICAgPEhlYWRlcnM+DQogICAgICAgIDxIZWFkZXIgTmFtZT0iUmVmZXJlciIgVmFsdWU9Imh0dHA6Ly90ZXN0LnRlbGVyaWthY2FkZW15LmNvbS9BZG1pbmlzdHJhdGlvbi9OYXZpZ2F0aW9uIiAvPg0KICAgICAgPC9IZWFkZXJzPg0KICAgICAgPENvcnJlbGF0aW9uRXh0cmFjdGlvblJ1bGVzPg0KICAgICAgICA8RXh0cmFjdGlvblJ1bGUgQ2xhc3NuYW1lPSJNaWNyb3NvZnQuVmlzdWFsU3R1ZGlvLlRlc3RUb29scy5XZWJUZXN0aW5nLlJ1bGVzLkV4dHJhY3RUZXh0LCBNaWNyb3NvZnQuVmlzdWFsU3R1ZGlvLlF1YWxpdHlUb29scy5XZWJUZXN0RnJhbWV3b3JrLCBWZXJzaW9uPTEwLjAuMC4wLCBDdWx0dXJlPW5ldXRyYWwsIFB1YmxpY0tleVRva2VuPWIwM2Y1ZjdmMTFkNTBhM2EiIFZhcmlhYmxlTmFtZT0iRm9ybVBvc3RQYXJhbTEucGFnZSIgRGlzcGxheU5hbWU9IiIgRGVzY3JpcHRpb249IiI+DQogICAgICAgICAgPFJ1bGVQYXJhbWV0ZXJzPg0KICAgICAgICAgICAgPFJ1bGVQYXJhbWV0ZXIgTmFtZT0iU3RhcnRzV2l0aCIgVmFsdWU9ImRleD0mcXVvdDsiIC8+DQogICAgICAgICAgICA8UnVsZVBhcmFtZXRlciBOYW1lPSJFbmRzV2l0aCIgVmFsdWU9IiZxdW90OyBkYXQiIC8+DQogICAgICAgICAgICA8UnVsZVBhcmFtZXRlciBOYW1lPSJJbmRleCIgVmFsdWU9IjEiIC8+DQogICAgICAgICAgICA8UnVsZVBhcmFtZXRlciBOYW1lPSJJZ25vcmVDYXNlIiBWYWx1ZT0iRmFsc2UiIC8+DQogICAgICAgICAgICA8UnVsZVBhcmFtZXRlciBOYW1lPSJVc2VSZWd1bGFyRXhwcmVzc2lvbiIgVmFsdWU9IkZhbHNlIiAvPg0KICAgICAgICAgICAgPFJ1bGVQYXJhbWV0ZXIgTmFtZT0iSHRtbERlY29kZSIgVmFsdWU9IlRydWUiIC8+DQogICAgICAgICAgICA8UnVsZVBhcmFtZXRlciBOYW1lPSJSZXF1aXJlZCIgVmFsdWU9IkZhbHNlIiAvPg0KICAgICAgICAgIDwvUnVsZVBhcmFtZXRlcnM+DQogICAgICAgIDwvRXh0cmFjdGlvblJ1bGU+DQogICAgICAgIDxFeHRyYWN0aW9uUnVsZSBDbGFzc25hbWU9Ik1pY3Jvc29mdC5WaXN1YWxTdHVkaW8uVGVzdFRvb2xzLldlYlRlc3RpbmcuUnVsZXMuRXh0cmFjdFRleHQsIE1pY3Jvc29mdC5WaXN1YWxTdHVkaW8uUXVhbGl0eVRvb2xzLldlYlRlc3RGcmFtZXdvcmssIFZlcnNpb249MTAuMC4wLjAsIEN1bHR1cmU9bmV1dHJhbCwgUHVibGljS2V5VG9rZW49YjAzZjVmN2YxMWQ1MGEzYSIgVmFyaWFibGVOYW1lPSJGb3JtUG9zdFBhcmFtMi5LaWRzU2Nob29sSWQiIERpc3BsYXlOYW1lPSIiIERlc2NyaXB0aW9uPSIiPg0KICAgICAgICAgIDxSdWxlUGFyYW1ldGVycz4NCiAgICAgICAgICAgIDxSdWxlUGFyYW1ldGVyIE5hbWU9IlN0YXJ0c1dpdGgiIFZhbHVlPSJkZXg9JnF1b3Q7IiAvPg0KICAgICAgICAgICAgPFJ1bGVQYXJhbWV0ZXIgTmFtZT0iRW5kc1dpdGgiIFZhbHVlPSImcXVvdDsgZGF0IiAvPg0KICAgICAgICAgICAgPFJ1bGVQYXJhbWV0ZXIgTmFtZT0iSW5kZXgiIFZhbHVlPSI4IiAvPg0KICAgICAgICAgICAgPFJ1bGVQYXJhbWV0ZXIgTmFtZT0iSWdub3JlQ2FzZSIgVmFsdWU9IkZhbHNlIiAvPg0KICAgICAgICAgICAgPFJ1bGVQYXJhbWV0ZXIgTmFtZT0iVXNlUmVndWxhckV4cHJlc3Npb24iIFZhbHVlPSJGYWxzZSIgLz4NCiAgICAgICAgICAgIDxSdWxlUGFyYW1ldGVyIE5hbWU9Ikh0bWxEZWNvZGUiIFZhbHVlPSJUcnVlIiAvPg0KICAgICAgICAgICAgPFJ1bGVQYXJhbWV0ZXIgTmFtZT0iUmVxdWlyZWQiIFZhbHVlPSJGYWxzZSIgLz4NCiAgICAgICAgICA8L1J1bGVQYXJhbWV0ZXJzPg0KICAgICAgICA8L0V4dHJhY3Rpb25SdWxlPg0KICAgICAgICA8RXh0cmFjdGlvblJ1bGUgQ2xhc3NuYW1lPSJNaWNyb3NvZnQuVmlzdWFsU3R1ZGlvLlRlc3RUb29scy5XZWJUZXN0aW5nLlJ1bGVzLkV4dHJhY3RUZXh0LCBNaWNyb3NvZnQuVmlzdWFsU3R1ZGlvLlF1YWxpdHlUb29scy5XZWJUZXN0RnJhbWV3b3JrLCBWZXJzaW9uPTEwLjAuMC4wLCBDdWx0dXJlPW5ldXRyYWwsIFB1YmxpY0tleVRva2VuPWIwM2Y1ZjdmMTFkNTBhM2EiIFZhcmlhYmxlTmFtZT0iRm9ybVBvc3RQYXJhbTMuS2lkc1NjaG9vbERvY3VtZW50VHlwZUlkIiBEaXNwbGF5TmFtZT0iIiBEZXNjcmlwdGlvbj0iIj4NCiAgICAgICAgICA8UnVsZVBhcmFtZXRlcnM+DQogICAgICAgICAgICA8UnVsZVBhcmFtZXRlciBOYW1lPSJTdGFydHNXaXRoIiBWYWx1ZT0iZGV4PSZxdW90OyIgLz4NCiAgICAgICAgICAgIDxSdWxlUGFyYW1ldGVyIE5hbWU9IkVuZHNXaXRoIiBWYWx1ZT0iJnF1b3Q7IGRhdCIgLz4NCiAgICAgICAgICAgIDxSdWxlUGFyYW1ldGVyIE5hbWU9IkluZGV4IiBWYWx1ZT0iMiIgLz4NCiAgICAgICAgICAgIDxSdWxlUGFyYW1ldGVyIE5hbWU9Iklnbm9yZUNhc2UiIFZhbHVlPSJGYWxzZSIgLz4NCiAgICAgICAgICAgIDxSdWxlUGFyYW1ldGVyIE5hbWU9IlVzZVJlZ3VsYXJFeHByZXNzaW9uIiBWYWx1ZT0iRmFsc2UiIC8+DQogICAgICAgICAgICA8UnVsZVBhcmFtZXRlciBOYW1lPSJIdG1sRGVjb2RlIiBWYWx1ZT0iVHJ1ZSIgLz4NCiAgICAgICAgICAgIDxSdWxlUGFyYW1ldGVyIE5hbWU9IlJlcXVpcmVkIiBWYWx1ZT0iRmFsc2UiIC8+DQogICAgICAgICAgPC9SdWxlUGFyYW1ldGVycz4NCiAgICAgICAgPC9FeHRyYWN0aW9uUnVsZT4NCiAgICAgIDwvQ29ycmVsYXRpb25FeHRyYWN0aW9uUnVsZXM+DQogICAgPC9SZXF1ZXN0Pg0KICAgIDxSZXF1ZXN0IE1ldGhvZD0iR0VUIiBHdWlkPSJlNTZmZDQ4ZC1iYjY4LTQ2YzYtYjg4Zi04YWM4YmI0M2ZjMmIiIFZlcnNpb249IjEuMSIgVXJsPSJodHRwOi8vdGVzdC50ZWxlcmlrYWNhZGVteS5jb20vS2lkc0FjYWRlbXkvQWRtaW5pc3RyYXRpb25LaWRzU2Nob29sc0RvY3VtZW50cy9LaWRzU2Nob29sRG9jdW1lbnRDcmVhdGUiIFRoaW5rVGltZT0iMSIgVGltZW91dD0iMzAwIiBQYXJzZURlcGVuZGVudFJlcXVlc3RzPSJUcnVlIiBGb2xsb3dSZWRpcmVjdHM9IlRydWUiIFJlY29yZFJlc3VsdD0iVHJ1ZSIgQ2FjaGU9IkZhbHNlIiBSZXNwb25zZVRpbWVHb2FsPSIwIiBFbmNvZGluZz0idXRmLTgiIEV4cGVjdGVkSHR0cFN0YXR1c0NvZGU9IjAiIEV4cGVjdGVkUmVzcG9uc2VVcmw9IiIgUmVwb3J0aW5nTmFtZT0iIiBJZ25vcmVIdHRwU3RhdHVzQ29kZT0iRmFsc2UiPg0KICAgICAgPERlcGVuZGVudFJlcXVlc3RzPg0KICAgICAgICA8UmVxdWVzdCBNZXRob2Q9IkdFVCIgR3VpZD0iODA2NzRkYjAtM2QxOC00ZmU4LWE1MTYtYjcyM2Q5ZTJmNjVkIiBWZXJzaW9uPSIxLjEiIFVybD0iaHR0cDovL3Rlc3QudGVsZXJpa2FjYWRlbXkuY29tL0tpZHNBY2FkZW15L1RlYWNoZXJBZG1pbmlzdHJhdGlvbktpZHNTY2hvb2xEb2N1bWVudHMvR2V0QWxsRHJvcGRvd25LaWRzU2Nob29sRG9jdW1lbnRUeXBlc0pzb25SZXN1bHQiIFRoaW5rVGltZT0iNTAiIFRpbWVvdXQ9IjMwMCIgUGFyc2VEZXBlbmRlbnRSZXF1ZXN0cz0iVHJ1ZSIgRm9sbG93UmVkaXJlY3RzPSJUcnVlIiBSZWNvcmRSZXN1bHQ9IlRydWUiIENhY2hlPSJGYWxzZSIgUmVzcG9uc2VUaW1lR29hbD0iMCIgRW5jb2Rpbmc9InV0Zi04IiBFeHBlY3RlZEh0dHBTdGF0dXNDb2RlPSIwIiBFeHBlY3RlZFJlc3BvbnNlVXJsPSIiIFJlcG9ydGluZ05hbWU9IiIgSWdub3JlSHR0cFN0YXR1c0NvZGU9IkZhbHNlIj4NCiAgICAgICAgICA8SGVhZGVycz4NCiAgICAgICAgICAgIDxIZWFkZXIgTmFtZT0iQWNjZXB0IiBWYWx1ZT0iKi8qIiAvPg0KICAgICAgICAgICAgPEhlYWRlciBOYW1lPSJYLVJlcXVlc3RlZC1XaXRoIiBWYWx1ZT0iWE1MSHR0cFJlcXVlc3QiIC8+DQogICAgICAgICAgICA8SGVhZGVyIE5hbWU9IlJlZmVyZXIiIFZhbHVlPSJodHRwOi8vdGVzdC50ZWxlcmlrYWNhZGVteS5jb20vS2lkc0FjYWRlbXkvQWRtaW5pc3RyYXRpb25LaWRzU2Nob29sc0RvY3VtZW50cy9LaWRzU2Nob29sRG9jdW1lbnRDcmVhdGUiIC8+DQogICAgICAgICAgPC9IZWFkZXJzPg0KICAgICAgICA8L1JlcXVlc3Q+DQogICAgICA8L0RlcGVuZGVudFJlcXVlc3RzPg0KICAgICAgPEhlYWRlcnM+DQogICAgICAgIDxIZWFkZXIgTmFtZT0iUmVmZXJlciIgVmFsdWU9Imh0dHA6Ly90ZXN0LnRlbGVyaWthY2FkZW15LmNvbS9LaWRzQWNhZGVteS9BZG1pbmlzdHJhdGlvbktpZHNTY2hvb2xzRG9jdW1lbnRzIiAvPg0KICAgICAgPC9IZWFkZXJzPg0KICAgICAgPENvcnJlbGF0aW9uRXh0cmFjdGlvblJ1bGVzPg0KICAgICAgICA8RXh0cmFjdGlvblJ1bGUgQ2xhc3NuYW1lPSJNaWNyb3NvZnQuVmlzdWFsU3R1ZGlvLlRlc3RUb29scy5XZWJUZXN0aW5nLlJ1bGVzLkV4dHJhY3RUZXh0LCBNaWNyb3NvZnQuVmlzdWFsU3R1ZGlvLlF1YWxpdHlUb29scy5XZWJUZXN0RnJhbWV3b3JrLCBWZXJzaW9uPTEwLjAuMC4wLCBDdWx0dXJlPW5ldXRyYWwsIFB1YmxpY0tleVRva2VuPWIwM2Y1ZjdmMTFkNTBhM2EiIFZhcmlhYmxlTmFtZT0iUXVlcnlTdHJpbmdQYXJhbTM4My5raWRzU2Nob29sSWQiIERpc3BsYXlOYW1lPSIiIERlc2NyaXB0aW9uPSIiPg0KICAgICAgICAgIDxSdWxlUGFyYW1ldGVycz4NCiAgICAgICAgICAgIDxSdWxlUGFyYW1ldGVyIE5hbWU9IlN0YXJ0c1dpdGgiIFZhbHVlPSI/a2lkc1NjaG9vbElkPSIgLz4NCiAgICAgICAgICAgIDxSdWxlUGFyYW1ldGVyIE5hbWU9IkVuZHNXaXRoIiBWYWx1ZT0iJnF1b3Q7IiAvPg0KICAgICAgICAgICAgPFJ1bGVQYXJhbWV0ZXIgTmFtZT0iSW5kZXgiIFZhbHVlPSIwIiAvPg0KICAgICAgICAgICAgPFJ1bGVQYXJhbWV0ZXIgTmFtZT0iSWdub3JlQ2FzZSIgVmFsdWU9IkZhbHNlIiAvPg0KICAgICAgICAgICAgPFJ1bGVQYXJhbWV0ZXIgTmFtZT0iVXNlUmVndWxhckV4cHJlc3Npb24iIFZhbHVlPSJGYWxzZSIgLz4NCiAgICAgICAgICAgIDxSdWxlUGFyYW1ldGVyIE5hbWU9Ikh0bWxEZWNvZGUiIFZhbHVlPSJUcnVlIiAvPg0KICAgICAgICAgICAgPFJ1bGVQYXJhbWV0ZXIgTmFtZT0iUmVxdWlyZWQiIFZhbHVlPSJGYWxzZSIgLz4NCiAgICAgICAgICA8L1J1bGVQYXJhbWV0ZXJzPg0KICAgICAgICA8L0V4dHJhY3Rpb25SdWxlPg0KICAgICAgPC9Db3JyZWxhdGlvbkV4dHJhY3Rpb25SdWxlcz4NCiAgICA8L1JlcXVlc3Q+DQogICAgPFJlcXVlc3QgTWV0aG9kPSJQT1NUIiBHdWlkPSJkNmNkYTRhOC0wYTNhLTRjNmUtYWQ1Mi1iZGZkMzc0NzYwY2MiIFZlcnNpb249IjEuMSIgVXJsPSJodHRwOi8vdGVzdC50ZWxlcmlrYWNhZGVteS5jb20vS2lkc0FjYWRlbXkvQWRtaW5pc3RyYXRpb25LaWRzU2Nob29sc0RvY3VtZW50cy9LaWRzU2Nob29sRG9jdW1lbnRDcmVhdGUiIFRoaW5rVGltZT0iMCIgVGltZW91dD0iMzAwIiBQYXJzZURlcGVuZGVudFJlcXVlc3RzPSJUcnVlIiBGb2xsb3dSZWRpcmVjdHM9IlRydWUiIFJlY29yZFJlc3VsdD0iVHJ1ZSIgQ2FjaGU9IkZhbHNlIiBSZXNwb25zZVRpbWVHb2FsPSIwIiBFbmNvZGluZz0idXRmLTgiIEV4cGVjdGVkSHR0cFN0YXR1c0NvZGU9IjAiIEV4cGVjdGVkUmVzcG9uc2VVcmw9IiIgUmVwb3J0aW5nTmFtZT0iIiBJZ25vcmVIdHRwU3RhdHVzQ29kZT0iRmFsc2UiPg0KICAgICAgPEhlYWRlcnM+DQogICAgICAgIDxIZWFkZXIgTmFtZT0iUmVmZXJlciIgVmFsdWU9Imh0dHA6Ly90ZXN0LnRlbGVyaWthY2FkZW15LmNvbS9LaWRzQWNhZGVteS9BZG1pbmlzdHJhdGlvbktpZHNTY2hvb2xzRG9jdW1lbnRzL0tpZHNTY2hvb2xEb2N1bWVudENyZWF0ZSIgLz4NCiAgICAgIDwvSGVhZGVycz4NCiAgICAgIDxRdWVyeVN0cmluZ1BhcmFtZXRlcnM+DQogICAgICAgIDxRdWVyeVN0cmluZ1BhcmFtZXRlciBOYW1lPSJraWRzU2Nob29sSWQiIFZhbHVlPSIwIiBSZWNvcmRlZFZhbHVlPSIwIiBDb3JyZWxhdGlvbkJpbmRpbmc9Int7UXVlcnlTdHJpbmdQYXJhbTM4My5raWRzU2Nob29sSWR9fSIgVXJsRW5jb2RlPSJGYWxzZSIgVXNlVG9Hcm91cFJlc3VsdHM9IkZhbHNlIiAvPg0KICAgICAgPC9RdWVyeVN0cmluZ1BhcmFtZXRlcnM+DQogICAgICA8Rm9ybVBvc3RIdHRwQm9keT4NCiAgICAgICAgPEZvcm1Qb3N0UGFyYW1ldGVyIE5hbWU9IktpZHNTY2hvb2xJZCIgVmFsdWU9IjgiIFJlY29yZGVkVmFsdWU9IjgiIENvcnJlbGF0aW9uQmluZGluZz0ie3tGb3JtUG9zdFBhcmFtMi5LaWRzU2Nob29sSWR9fSIgVXJsRW5jb2RlPSJUcnVlIiAvPg0KICAgICAgICA8Rm9ybVBvc3RQYXJhbWV0ZXIgTmFtZT0iS2lkc1NjaG9vbERvY3VtZW50VHlwZUlkIiBWYWx1ZT0iMiIgUmVjb3JkZWRWYWx1ZT0iMiIgQ29ycmVsYXRpb25CaW5kaW5nPSJ7e0Zvcm1Qb3N0UGFyYW0zLktpZHNTY2hvb2xEb2N1bWVudFR5cGVJZH19IiBVcmxFbmNvZGU9IlRydWUiIC8+DQogICAgICAgIDxGb3JtUG9zdFBhcmFtZXRlciBOYW1lPSJOYW1lIiBWYWx1ZT0iVGVzdERvY3VtZW50IiBSZWNvcmRlZFZhbHVlPSJUZXN0RG9jdW1lbnQiIENvcnJlbGF0aW9uQmluZGluZz0iIiBVcmxFbmNvZGU9IlRydWUiIC8+DQogICAgICAgIDxGaWxlVXBsb2FkUGFyYW1ldGVyIE5hbWU9IkZpbGUiIEZpbGVOYW1lPSJ0ZXN0RG9jdW1lbnQudHh0IiBDb250ZW50VHlwZT0idGV4dC9wbGFpbiIgR2VuZXJhdGVVbmlxdWVOYW1lPSJUcnVlIiBVc2VHdWlkcz0iRmFsc2UiIEZpbGVVcGxvYWROYW1lPSIiIC8+DQogICAgICA8L0Zvcm1Qb3N0SHR0cEJvZHk+DQogICAgPC9SZXF1ZXN0Pg0KICAgIDxSZXF1ZXN0IE1ldGhvZD0iR0VUIiBHdWlkPSJmZmFiNzkxOC01MzEzLTRmMWQtOGY0ZS1mMjBkMGZhMmYyYWEiIFZlcnNpb249IjEuMSIgVXJsPSJodHRwOi8vdGVzdC50ZWxlcmlrYWNhZGVteS5jb20vS2lkc0FjYWRlbXkvQWRtaW5pc3RyYXRpb25OYXZpZ2F0aW9uIiBUaGlua1RpbWU9IjUiIFRpbWVvdXQ9IjMwMCIgUGFyc2VEZXBlbmRlbnRSZXF1ZXN0cz0iVHJ1ZSIgRm9sbG93UmVkaXJlY3RzPSJUcnVlIiBSZWNvcmRSZXN1bHQ9IlRydWUiIENhY2hlPSJGYWxzZSIgUmVzcG9uc2VUaW1lR29hbD0iMCIgRW5jb2Rpbmc9InV0Zi04IiBFeHBlY3RlZEh0dHBTdGF0dXNDb2RlPSIwIiBFeHBlY3RlZFJlc3BvbnNlVXJsPSIiIFJlcG9ydGluZ05hbWU9IiIgSWdub3JlSHR0cFN0YXR1c0NvZGU9IkZhbHNlIj4NCiAgICAgIDxIZWFkZXJzPg0KICAgICAgICA8SGVhZGVyIE5hbWU9IlJlZmVyZXIiIFZhbHVlPSJodHRwOi8vdGVzdC50ZWxlcmlrYWNhZGVteS5jb20vS2lkc0FjYWRlbXkvQWRtaW5pc3RyYXRpb25LaWRzU2Nob29sc0RvY3VtZW50cy9LaWRzU2Nob29sRG9jdW1lbnRDcmVhdGUiIC8+DQogICAgICA8L0hlYWRlcnM+DQogICAgPC9SZXF1ZXN0Pg0KICAgIDxSZXF1ZXN0IE1ldGhvZD0iR0VUIiBHdWlkPSI5MGM1MmVhMS1mZGVhLTQyMDItYTk2Ny0xNDlhMDgzNDI4OTAiIFZlcnNpb249IjEuMSIgVXJsPSJodHRwOi8vdGVzdC50ZWxlcmlrYWNhZGVteS5jb20vVXNlcnMvQXV0aC9Mb2dPdXQiIFRoaW5rVGltZT0iMSIgVGltZW91dD0iMzAwIiBQYXJzZURlcGVuZGVudFJlcXVlc3RzPSJUcnVlIiBGb2xsb3dSZWRpcmVjdHM9IlRydWUiIFJlY29yZFJlc3VsdD0iVHJ1ZSIgQ2FjaGU9IkZhbHNlIiBSZXNwb25zZVRpbWVHb2FsPSIwIiBFbmNvZGluZz0idXRmLTgiIEV4cGVjdGVkSHR0cFN0YXR1c0NvZGU9IjAiIEV4cGVjdGVkUmVzcG9uc2VVcmw9Imh0dHA6Ly90ZXN0LnRlbGVyaWthY2FkZW15LmNvbS8iIFJlcG9ydGluZ05hbWU9IiIgSWdub3JlSHR0cFN0YXR1c0NvZGU9IkZhbHNlIj4NCiAgICAgIDxIZWFkZXJzPg0KICAgICAgICA8SGVhZGVyIE5hbWU9IlJlZmVyZXIiIFZhbHVlPSJodHRwOi8vdGVzdC50ZWxlcmlrYWNhZGVteS5jb20vS2lkc0FjYWRlbXkvQWRtaW5pc3RyYXRpb25OYXZpZ2F0aW9uIiAvPg0KICAgICAgPC9IZWFkZXJzPg0KICAgIDwvUmVxdWVzdD4NCiAgICA8UmVxdWVzdCBNZXRob2Q9IkdFVCIgR3VpZD0iYjUwMGM1NmItNzZjZC00OTViLTlhZDMtMTEzZjc4MzI2MDAwIiBWZXJzaW9uPSIxLjEiIFVybD0iaHR0cDovL3N0YXRpYy5hay5mYWNlYm9vay5jb20vY29ubmVjdC94ZF9hcmJpdGVyL1FqSzJoV3Y2dWFrLmpzIiBUaGlua1RpbWU9IjAiIFRpbWVvdXQ9IjMwMCIgUGFyc2VEZXBlbmRlbnRSZXF1ZXN0cz0iVHJ1ZSIgRm9sbG93UmVkaXJlY3RzPSJUcnVlIiBSZWNvcmRSZXN1bHQ9IlRydWUiIENhY2hlPSJGYWxzZSIgUmVzcG9uc2VUaW1lR29hbD0iMCIgRW5jb2Rpbmc9InV0Zi04IiBFeHBlY3RlZEh0dHBTdGF0dXNDb2RlPSIwIiBFeHBlY3RlZFJlc3BvbnNlVXJsPSJodHRwOi8vc3RhdGljLmFrLmZhY2Vib29rLmNvbS9jb25uZWN0L3hkX2FyYml0ZXIvUWpLMmhXdjZ1YWsuanM/dmVyc2lvbj00MSNjaGFubmVsPWYzOGQ0OTFhNDQzNGZlNCZhbXA7b3JpZ2luPWh0dHAlM0ElMkYlMkZ0ZXN0LnRlbGVyaWthY2FkZW15LmNvbSIgUmVwb3J0aW5nTmFtZT0iIiBJZ25vcmVIdHRwU3RhdHVzQ29kZT0iRmFsc2UiPg0KICAgICAgPFF1ZXJ5U3RyaW5nUGFyYW1ldGVycz4NCiAgICAgICAgPFF1ZXJ5U3RyaW5nUGFyYW1ldGVyIE5hbWU9InZlcnNpb24iIFZhbHVlPSI0MSIgUmVjb3JkZWRWYWx1ZT0iNDEiIENvcnJlbGF0aW9uQmluZGluZz0ie3tRdWVyeVN0cmluZ1BhcmFtMzk0LnZlcnNpb259fSIgVXJsRW5jb2RlPSJGYWxzZSIgVXNlVG9Hcm91cFJlc3VsdHM9IkZhbHNlIiAvPg0KICAgICAgICA8UXVlcnlTdHJpbmdQYXJhbWV0ZXIgTmFtZT0ib3JpZ2luIiBWYWx1ZT0iaHR0cCUzQSUyRiUyRnRlc3QudGVsZXJpa2FjYWRlbXkuY29tIiBSZWNvcmRlZFZhbHVlPSJodHRwJTNBJTJGJTJGdGVzdC50ZWxlcmlrYWNhZGVteS5jb20iIENvcnJlbGF0aW9uQmluZGluZz0iIiBVcmxFbmNvZGU9IkZhbHNlIiBVc2VUb0dyb3VwUmVzdWx0cz0iRmFsc2UiIC8+DQogICAgICA8L1F1ZXJ5U3RyaW5nUGFyYW1ldGVycz4NCiAgICA8L1JlcXVlc3Q+DQogICAgPFJlcXVlc3QgTWV0aG9kPSJHRVQiIEd1aWQ9ImYyYTY4YzllLWVkZWItNDVlNy04MWVlLTEyYzY2ZTIwMDdiMiIgVmVyc2lvbj0iMS4xIiBVcmw9Imh0dHBzOi8vcy1zdGF0aWMuYWsuZmFjZWJvb2suY29tL2Nvbm5lY3QveGRfYXJiaXRlci9RaksyaFd2NnVhay5qcyIgVGhpbmtUaW1lPSIwIiBUaW1lb3V0PSIzMDAiIFBhcnNlRGVwZW5kZW50UmVxdWVzdHM9IlRydWUiIEZvbGxvd1JlZGlyZWN0cz0iVHJ1ZSIgUmVjb3JkUmVzdWx0PSJUcnVlIiBDYWNoZT0iRmFsc2UiIFJlc3BvbnNlVGltZUdvYWw9IjAiIEVuY29kaW5nPSJ1dGYtOCIgRXhwZWN0ZWRIdHRwU3RhdHVzQ29kZT0iMCIgRXhwZWN0ZWRSZXNwb25zZVVybD0iaHR0cHM6Ly9zLXN0YXRpYy5hay5mYWNlYm9vay5jb20vY29ubmVjdC94ZF9hcmJpdGVyL1FqSzJoV3Y2dWFrLmpzP3ZlcnNpb249NDEjY2hhbm5lbD1mMzhkNDkxYTQ0MzRmZTQmYW1wO29yaWdpbj1odHRwJTNBJTJGJTJGdGVzdC50ZWxlcmlrYWNhZGVteS5jb20iIFJlcG9ydGluZ05hbWU9IiIgSWdub3JlSHR0cFN0YXR1c0NvZGU9IkZhbHNlIj4NCiAgICAgIDxRdWVyeVN0cmluZ1BhcmFtZXRlcnM+DQogICAgICAgIDxRdWVyeVN0cmluZ1BhcmFtZXRlciBOYW1lPSJ2ZXJzaW9uIiBWYWx1ZT0iNDEiIFJlY29yZGVkVmFsdWU9IjQxIiBDb3JyZWxhdGlvbkJpbmRpbmc9Int7UXVlcnlTdHJpbmdQYXJhbTQxMi52ZXJzaW9ufX0iIFVybEVuY29kZT0iRmFsc2UiIFVzZVRvR3JvdXBSZXN1bHRzPSJGYWxzZSIgLz4NCiAgICAgICAgPFF1ZXJ5U3RyaW5nUGFyYW1ldGVyIE5hbWU9Im9yaWdpbiIgVmFsdWU9Imh0dHAlM0ElMkYlMkZ0ZXN0LnRlbGVyaWthY2FkZW15LmNvbSIgUmVjb3JkZWRWYWx1ZT0iaHR0cCUzQSUyRiUyRnRlc3QudGVsZXJpa2FjYWRlbXkuY29tIiBDb3JyZWxhdGlvbkJpbmRpbmc9IiIgVXJsRW5jb2RlPSJGYWxzZSIgVXNlVG9Hcm91cFJlc3VsdHM9IkZhbHNlIiAvPg0KICAgICAgPC9RdWVyeVN0cmluZ1BhcmFtZXRlcnM+DQogICAgPC9SZXF1ZXN0Pg0KICAgIDxSZXF1ZXN0IE1ldGhvZD0iR0VUIiBHdWlkPSJhZTliNjFjYy02NjdkLTQ3MzItOWE4Mi02NmJiMjk3YmI2M2IiIFZlcnNpb249IjEuMSIgVXJsPSJodHRwczovL3d3dy5mYWNlYm9vay5jb20vY29ubmVjdC9waW5nIiBUaGlua1RpbWU9IjAiIFRpbWVvdXQ9IjMwMCIgUGFyc2VEZXBlbmRlbnRSZXF1ZXN0cz0iVHJ1ZSIgRm9sbG93UmVkaXJlY3RzPSJUcnVlIiBSZWNvcmRSZXN1bHQ9IlRydWUiIENhY2hlPSJGYWxzZSIgUmVzcG9uc2VUaW1lR29hbD0iMCIgRW5jb2Rpbmc9InV0Zi04IiBFeHBlY3RlZEh0dHBTdGF0dXNDb2RlPSIwIiBFeHBlY3RlZFJlc3BvbnNlVXJsPSIiIFJlcG9ydGluZ05hbWU9IiIgSWdub3JlSHR0cFN0YXR1c0NvZGU9IkZhbHNlIj4NCiAgICAgIDxIZWFkZXJzPg0KICAgICAgICA8SGVhZGVyIE5hbWU9IlJlZmVyZXIiIFZhbHVlPSJodHRwOi8vdGVzdC50ZWxlcmlrYWNhZGVteS5jb20vIiAvPg0KICAgICAgPC9IZWFkZXJzPg0KICAgICAgPFF1ZXJ5U3RyaW5nUGFyYW1ldGVycz4NCiAgICAgICAgPFF1ZXJ5U3RyaW5nUGFyYW1ldGVyIE5hbWU9ImNsaWVudF9pZCIgVmFsdWU9IjI0MjYyNDY5OTE3NDMzMyIgUmVjb3JkZWRWYWx1ZT0iMjQyNjI0Njk5MTc0MzMzIiBDb3JyZWxhdGlvbkJpbmRpbmc9IiIgVXJsRW5jb2RlPSJGYWxzZSIgVXNlVG9Hcm91cFJlc3VsdHM9IkZhbHNlIiAvPg0KICAgICAgICA8UXVlcnlTdHJpbmdQYXJhbWV0ZXIgTmFtZT0iZG9tYWluIiBWYWx1ZT0idGVzdC50ZWxlcmlrYWNhZGVteS5jb20iIFJlY29yZGVkVmFsdWU9InRlc3QudGVsZXJpa2FjYWRlbXkuY29tIiBDb3JyZWxhdGlvbkJpbmRpbmc9Int7UXVlcnlTdHJpbmdQYXJhbTQ4Ny5kb21haW59fSIgVXJsRW5jb2RlPSJGYWxzZSIgVXNlVG9Hcm91cFJlc3VsdHM9IkZhbHNlIiAvPg0KICAgICAgICA8UXVlcnlTdHJpbmdQYXJhbWV0ZXIgTmFtZT0ib3JpZ2luIiBWYWx1ZT0iMSIgUmVjb3JkZWRWYWx1ZT0iMSIgQ29ycmVsYXRpb25CaW5kaW5nPSIiIFVybEVuY29kZT0iRmFsc2UiIFVzZVRvR3JvdXBSZXN1bHRzPSJGYWxzZSIgLz4NCiAgICAgICAgPFF1ZXJ5U3RyaW5nUGFyYW1ldGVyIE5hbWU9InJlZGlyZWN0X3VyaSIgVmFsdWU9Imh0dHAlM0ElMkYlMkZzdGF0aWMuYWsuZmFjZWJvb2suY29tJTJGY29ubmVjdCUyRnhkX2FyYml0ZXIlMkZRaksyaFd2NnVhay5qcyUzRnZlcnNpb24lM0Q0MSUyM2NiJTNEZjI3NjQ4ZWRkMzM4NmY4JTI2ZG9tYWluJTNEdGVzdC50ZWxlcmlrYWNhZGVteS5jb20lMjZvcmlnaW4lM0RodHRwJTI1M0ElMjUyRiUyNTJGdGVzdC50ZWxlcmlrYWNhZGVteS5jb20lMjUyRmYzOGQ0OTFhNDQzNGZlNCUyNnJlbGF0aW9uJTNEcGFyZW50IiBSZWNvcmRlZFZhbHVlPSJodHRwJTNBJTJGJTJGc3RhdGljLmFrLmZhY2Vib29rLmNvbSUyRmNvbm5lY3QlMkZ4ZF9hcmJpdGVyJTJGUWpLMmhXdjZ1YWsuanMlM0Z2ZXJzaW9uJTNENDElMjNjYiUzRGYyNzY0OGVkZDMzODZmOCUyNmRvbWFpbiUzRHRlc3QudGVsZXJpa2FjYWRlbXkuY29tJTI2b3JpZ2luJTNEaHR0cCUyNTNBJTI1MkYlMjUyRnRlc3QudGVsZXJpa2FjYWRlbXkuY29tJTI1MkZmMzhkNDkxYTQ0MzRmZTQlMjZyZWxhdGlvbiUzRHBhcmVudCIgQ29ycmVsYXRpb25CaW5kaW5nPSIiIFVybEVuY29kZT0iRmFsc2UiIFVzZVRvR3JvdXBSZXN1bHRzPSJGYWxzZSIgLz4NCiAgICAgICAgPFF1ZXJ5U3RyaW5nUGFyYW1ldGVyIE5hbWU9InJlc3BvbnNlX3R5cGUiIFZhbHVlPSJ0b2tlbiUyQ3NpZ25lZF9yZXF1ZXN0JTJDY29kZSIgUmVjb3JkZWRWYWx1ZT0idG9rZW4lMkNzaWduZWRfcmVxdWVzdCUyQ2NvZGUiIENvcnJlbGF0aW9uQmluZGluZz0iIiBVcmxFbmNvZGU9IkZhbHNlIiBVc2VUb0dyb3VwUmVzdWx0cz0iRmFsc2UiIC8+DQogICAgICAgIDxRdWVyeVN0cmluZ1BhcmFtZXRlciBOYW1lPSJzZGsiIFZhbHVlPSJqb2V5IiBSZWNvcmRlZFZhbHVlPSJqb2V5IiBDb3JyZWxhdGlvbkJpbmRpbmc9IiIgVXJsRW5jb2RlPSJGYWxzZSIgVXNlVG9Hcm91cFJlc3VsdHM9IkZhbHNlIiAvPg0KICAgICAgPC9RdWVyeVN0cmluZ1BhcmFtZXRlcnM+DQogICAgPC9SZXF1ZXN0Pg0KICAgIDxSZXF1ZXN0IE1ldGhvZD0iR0VUIiBHdWlkPSJiMDFkMzJiOC1kY2NkLTQyMDItOWMwMS1mNmFjYzFlNjQ2ZTYiIFZlcnNpb249IjEuMSIgVXJsPSJodHRwOi8vd3d3LmZhY2Vib29rLmNvbS9wbHVnaW5zL2xpa2VfYm94LnBocCIgVGhpbmtUaW1lPSIwIiBUaW1lb3V0PSIzMDAiIFBhcnNlRGVwZW5kZW50UmVxdWVzdHM9IlRydWUiIEZvbGxvd1JlZGlyZWN0cz0iVHJ1ZSIgUmVjb3JkUmVzdWx0PSJUcnVlIiBDYWNoZT0iRmFsc2UiIFJlc3BvbnNlVGltZUdvYWw9IjAiIEVuY29kaW5nPSJ1dGYtOCIgRXhwZWN0ZWRIdHRwU3RhdHVzQ29kZT0iMCIgRXhwZWN0ZWRSZXNwb25zZVVybD0iaHR0cHM6Ly93d3cuZmFjZWJvb2suY29tL3BsdWdpbnMvbGlrZV9ib3gucGhwP2FwcF9pZD0yNDI2MjQ2OTkxNzQzMzMmYW1wO2NoYW5uZWw9aHR0cCUzQSUyRiUyRnN0YXRpYy5hay5mYWNlYm9vay5jb20lMkZjb25uZWN0JTJGeGRfYXJiaXRlciUyRlFqSzJoV3Y2dWFrLmpzJTNGdmVyc2lvbiUzRDQxJTIzY2IlM0RmMzcyNjE3MzI3NWNjZWMlMjZkb21haW4lM0R0ZXN0LnRlbGVyaWthY2FkZW15LmNvbSUyNm9yaWdpbiUzRGh0dHAlMjUzQSUyNTJGJTI1MkZ0ZXN0LnRlbGVyaWthY2FkZW15LmNvbSUyNTJGZjM4ZDQ5MWE0NDM0ZmU0JTI2cmVsYXRpb24lM0RwYXJlbnQucGFyZW50JmFtcDtoZWFkZXI9dHJ1ZSZhbXA7aGVpZ2h0PTQ2OCZhbXA7aHJlZj1odHRwJTNBJTJGJTJGd3d3LmZhY2Vib29rLmNvbSUyRlRlbGVyaWtBY2FkZW15JmFtcDtsb2NhbGU9ZW5fVVMmYW1wO3Nkaz1qb2V5JmFtcDtzaG93X2ZhY2VzPWZhbHNlJmFtcDtzdHJlYW09dHJ1ZSZhbXA7d2lkdGg9NjIwIiBSZXBvcnRpbmdOYW1lPSIiIElnbm9yZUh0dHBTdGF0dXNDb2RlPSJGYWxzZSI+DQogICAgICA8RGVwZW5kZW50UmVxdWVzdHM+DQogICAgICAgIDxSZXF1ZXN0IE1ldGhvZD0iR0VUIiBHdWlkPSI2MmU1OWEzOS0wMzE0LTRjNTAtYWUzYy00YTUyZWNlYzk1YzYiIFZlcnNpb249IjEuMSIgVXJsPSJodHRwczovL3d3dy5mYWNlYm9vay5jb20vcGx1Z2lucy9saWtlYm94L3N0cmVhbSIgVGhpbmtUaW1lPSIwIiBUaW1lb3V0PSIzMDAiIFBhcnNlRGVwZW5kZW50UmVxdWVzdHM9IlRydWUiIEZvbGxvd1JlZGlyZWN0cz0iVHJ1ZSIgUmVjb3JkUmVzdWx0PSJUcnVlIiBDYWNoZT0iRmFsc2UiIFJlc3BvbnNlVGltZUdvYWw9IjAiIEVuY29kaW5nPSJ1dGYtOCIgRXhwZWN0ZWRIdHRwU3RhdHVzQ29kZT0iMCIgRXhwZWN0ZWRSZXNwb25zZVVybD0iIiBSZXBvcnRpbmdOYW1lPSIiIElnbm9yZUh0dHBTdGF0dXNDb2RlPSJGYWxzZSI+DQogICAgICAgICAgPEhlYWRlcnM+DQogICAgICAgICAgICA8SGVhZGVyIE5hbWU9IlJlZmVyZXIiIFZhbHVlPSJodHRwczovL3d3dy5mYWNlYm9vay5jb20vcGx1Z2lucy9saWtlX2JveC5waHA/YXBwX2lkPTI0MjYyNDY5OTE3NDMzMyZhbXA7Y2hhbm5lbD1odHRwJTNBJTJGJTJGc3RhdGljLmFrLmZhY2Vib29rLmNvbSUyRmNvbm5lY3QlMkZ4ZF9hcmJpdGVyJTJGUWpLMmhXdjZ1YWsuanMlM0Z2ZXJzaW9uJTNENDElMjNjYiUzRGYzNzI2MTczMjc1Y2NlYyUyNmRvbWFpbiUzRHRlc3QudGVsZXJpa2FjYWRlbXkuY29tJTI2b3JpZ2luJTNEaHR0cCUyNTNBJTI1MkYlMjUyRnRlc3QudGVsZXJpa2FjYWRlbXkuY29tJTI1MkZmMzhkNDkxYTQ0MzRmZTQlMjZyZWxhdGlvbiUzRHBhcmVudC5wYXJlbnQmYW1wO2hlYWRlcj10cnVlJmFtcDtoZWlnaHQ9NDY4JmFtcDtocmVmPWh0dHAlM0ElMkYlMkZ3d3cuZmFjZWJvb2suY29tJTJGVGVsZXJpa0FjYWRlbXkmYW1wO2xvY2FsZT1lbl9VUyZhbXA7c2RrPWpvZXkmYW1wO3Nob3dfZmFjZXM9ZmFsc2UmYW1wO3N0cmVhbT10cnVlJmFtcDt3aWR0aD02MjAiIC8+DQogICAgICAgICAgPC9IZWFkZXJzPg0KICAgICAgICAgIDxRdWVyeVN0cmluZ1BhcmFtZXRlcnM+DQogICAgICAgICAgICA8UXVlcnlTdHJpbmdQYXJhbWV0ZXIgTmFtZT0iaWQiIFZhbHVlPSIyNDc4Mzg3NzE5MDkwODEiIFJlY29yZGVkVmFsdWU9IjI0NzgzODc3MTkwOTA4MSIgQ29ycmVsYXRpb25CaW5kaW5nPSIiIFVybEVuY29kZT0iRmFsc2UiIFVzZVRvR3JvdXBSZXN1bHRzPSJGYWxzZSIgLz4NCiAgICAgICAgICAgIDxRdWVyeVN0cmluZ1BhcmFtZXRlciBOYW1lPSJkb20iIFZhbHVlPSJwbHVnaW5MaWtlYm94U3RyZWFtIiBSZWNvcmRlZFZhbHVlPSJwbHVnaW5MaWtlYm94U3RyZWFtIiBDb3JyZWxhdGlvbkJpbmRpbmc9IiIgVXJsRW5jb2RlPSJGYWxzZSIgVXNlVG9Hcm91cFJlc3VsdHM9IkZhbHNlIiAvPg0KICAgICAgICAgICAgPFF1ZXJ5U3RyaW5nUGFyYW1ldGVyIE5hbWU9ImZvcmNlX3dhbGwiIFZhbHVlPSJmYWxzZSIgUmVjb3JkZWRWYWx1ZT0iZmFsc2UiIENvcnJlbGF0aW9uQmluZGluZz0iIiBVcmxFbmNvZGU9IkZhbHNlIiBVc2VUb0dyb3VwUmVzdWx0cz0iRmFsc2UiIC8+DQogICAgICAgICAgICA8UXVlcnlTdHJpbmdQYXJhbWV0ZXIgTmFtZT0ibm9ib290bG9hZCIgVmFsdWU9IjEiIFJlY29yZGVkVmFsdWU9IjEiIENvcnJlbGF0aW9uQmluZGluZz0iIiBVcmxFbmNvZGU9IkZhbHNlIiBVc2VUb0dyb3VwUmVzdWx0cz0iRmFsc2UiIC8+DQogICAgICAgICAgICA8UXVlcnlTdHJpbmdQYXJhbWV0ZXIgTmFtZT0iaW5saW5lY3NzIiBWYWx1ZT0iMSIgUmVjb3JkZWRWYWx1ZT0iMSIgQ29ycmVsYXRpb25CaW5kaW5nPSIiIFVybEVuY29kZT0iRmFsc2UiIFVzZVRvR3JvdXBSZXN1bHRzPSJGYWxzZSIgLz4NCiAgICAgICAgICAgIDxRdWVyeVN0cmluZ1BhcmFtZXRlciBOYW1lPSJ3aWR0aCIgVmFsdWU9IjYyMCIgUmVjb3JkZWRWYWx1ZT0iNjIwIiBDb3JyZWxhdGlvbkJpbmRpbmc9IiIgVXJsRW5jb2RlPSJGYWxzZSIgVXNlVG9Hcm91cFJlc3VsdHM9IkZhbHNlIiAvPg0KICAgICAgICAgICAgPFF1ZXJ5U3RyaW5nUGFyYW1ldGVyIE5hbWU9Il9fdXNlciIgVmFsdWU9IjAiIFJlY29yZGVkVmFsdWU9IjAiIENvcnJlbGF0aW9uQmluZGluZz0iIiBVcmxFbmNvZGU9IkZhbHNlIiBVc2VUb0dyb3VwUmVzdWx0cz0iRmFsc2UiIC8+DQogICAgICAgICAgICA8UXVlcnlTdHJpbmdQYXJhbWV0ZXIgTmFtZT0iX19hIiBWYWx1ZT0iMSIgUmVjb3JkZWRWYWx1ZT0iMSIgQ29ycmVsYXRpb25CaW5kaW5nPSIiIFVybEVuY29kZT0iRmFsc2UiIFVzZVRvR3JvdXBSZXN1bHRzPSJGYWxzZSIgLz4NCiAgICAgICAgICAgIDxRdWVyeVN0cmluZ1BhcmFtZXRlciBOYW1lPSJfX2R5biIgVmFsdWU9Ijd3Zkdid0tCV28ydndBdyIgUmVjb3JkZWRWYWx1ZT0iN3dmR2J3S0JXbzJ2d0F3IiBDb3JyZWxhdGlvbkJpbmRpbmc9IiIgVXJsRW5jb2RlPSJGYWxzZSIgVXNlVG9Hcm91cFJlc3VsdHM9IkZhbHNlIiAvPg0KICAgICAgICAgICAgPFF1ZXJ5U3RyaW5nUGFyYW1ldGVyIE5hbWU9Il9fcmVxIiBWYWx1ZT0iMSIgUmVjb3JkZWRWYWx1ZT0iMSIgQ29ycmVsYXRpb25CaW5kaW5nPSIiIFVybEVuY29kZT0iRmFsc2UiIFVzZVRvR3JvdXBSZXN1bHRzPSJGYWxzZSIgLz4NCiAgICAgICAgICAgIDxRdWVyeVN0cmluZ1BhcmFtZXRlciBOYW1lPSJsb2NhbGUiIFZhbHVlPSJlbl9VUyIgUmVjb3JkZWRWYWx1ZT0iZW5fVVMiIENvcnJlbGF0aW9uQmluZGluZz0iIiBVcmxFbmNvZGU9IkZhbHNlIiBVc2VUb0dyb3VwUmVzdWx0cz0iRmFsc2UiIC8+DQogICAgICAgICAgICA8UXVlcnlTdHJpbmdQYXJhbWV0ZXIgTmFtZT0iX19yZXYiIFZhbHVlPSIxNDkyNzgyIiBSZWNvcmRlZFZhbHVlPSIxNDkyNzgyIiBDb3JyZWxhdGlvbkJpbmRpbmc9IiIgVXJsRW5jb2RlPSJGYWxzZSIgVXNlVG9Hcm91cFJlc3VsdHM9IkZhbHNlIiAvPg0KICAgICAgICAgIDwvUXVlcnlTdHJpbmdQYXJhbWV0ZXJzPg0KICAgICAgICA8L1JlcXVlc3Q+DQogICAgICA8L0RlcGVuZGVudFJlcXVlc3RzPg0KICAgICAgPEhlYWRlcnM+DQogICAgICAgIDxIZWFkZXIgTmFtZT0iUmVmZXJlciIgVmFsdWU9Imh0dHA6Ly90ZXN0LnRlbGVyaWthY2FkZW15LmNvbS8iIC8+DQogICAgICA8L0hlYWRlcnM+DQogICAgICA8UXVlcnlTdHJpbmdQYXJhbWV0ZXJzPg0KICAgICAgICA8UXVlcnlTdHJpbmdQYXJhbWV0ZXIgTmFtZT0iYXBwX2lkIiBWYWx1ZT0iMjQyNjI0Njk5MTc0MzMzIiBSZWNvcmRlZFZhbHVlPSIyNDI2MjQ2OTkxNzQzMzMiIENvcnJlbGF0aW9uQmluZGluZz0iIiBVcmxFbmNvZGU9IkZhbHNlIiBVc2VUb0dyb3VwUmVzdWx0cz0iRmFsc2UiIC8+DQogICAgICAgIDxRdWVyeVN0cmluZ1BhcmFtZXRlciBOYW1lPSJjaGFubmVsIiBWYWx1ZT0iaHR0cCUzQSUyRiUyRnN0YXRpYy5hay5mYWNlYm9vay5jb20lMkZjb25uZWN0JTJGeGRfYXJiaXRlciUyRlFqSzJoV3Y2dWFrLmpzJTNGdmVyc2lvbiUzRDQxJTIzY2IlM0RmMzcyNjE3MzI3NWNjZWMlMjZkb21haW4lM0R0ZXN0LnRlbGVyaWthY2FkZW15LmNvbSUyNm9yaWdpbiUzRGh0dHAlMjUzQSUyNTJGJTI1MkZ0ZXN0LnRlbGVyaWthY2FkZW15LmNvbSUyNTJGZjM4ZDQ5MWE0NDM0ZmU0JTI2cmVsYXRpb24lM0RwYXJlbnQucGFyZW50IiBSZWNvcmRlZFZhbHVlPSJodHRwJTNBJTJGJTJGc3RhdGljLmFrLmZhY2Vib29rLmNvbSUyRmNvbm5lY3QlMkZ4ZF9hcmJpdGVyJTJGUWpLMmhXdjZ1YWsuanMlM0Z2ZXJzaW9uJTNENDElMjNjYiUzRGYzNzI2MTczMjc1Y2NlYyUyNmRvbWFpbiUzRHRlc3QudGVsZXJpa2FjYWRlbXkuY29tJTI2b3JpZ2luJTNEaHR0cCUyNTNBJTI1MkYlMjUyRnRlc3QudGVsZXJpa2FjYWRlbXkuY29tJTI1MkZmMzhkNDkxYTQ0MzRmZTQlMjZyZWxhdGlvbiUzRHBhcmVudC5wYXJlbnQiIENvcnJlbGF0aW9uQmluZGluZz0iIiBVcmxFbmNvZGU9IkZhbHNlIiBVc2VUb0dyb3VwUmVzdWx0cz0iRmFsc2UiIC8+DQogICAgICAgIDxRdWVyeVN0cmluZ1BhcmFtZXRlciBOYW1lPSJoZWFkZXIiIFZhbHVlPSJ0cnVlIiBSZWNvcmRlZFZhbHVlPSJ0cnVlIiBDb3JyZWxhdGlvbkJpbmRpbmc9IiIgVXJsRW5jb2RlPSJGYWxzZSIgVXNlVG9Hcm91cFJlc3VsdHM9IkZhbHNlIiAvPg0KICAgICAgICA8UXVlcnlTdHJpbmdQYXJhbWV0ZXIgTmFtZT0iaGVpZ2h0IiBWYWx1ZT0iNDY4IiBSZWNvcmRlZFZhbHVlPSI0NjgiIENvcnJlbGF0aW9uQmluZGluZz0iIiBVcmxFbmNvZGU9IkZhbHNlIiBVc2VUb0dyb3VwUmVzdWx0cz0iRmFsc2UiIC8+DQogICAgICAgIDxRdWVyeVN0cmluZ1BhcmFtZXRlciBOYW1lPSJocmVmIiBWYWx1ZT0iaHR0cCUzQSUyRiUyRnd3dy5mYWNlYm9vay5jb20lMkZUZWxlcmlrQWNhZGVteSIgUmVjb3JkZWRWYWx1ZT0iaHR0cCUzQSUyRiUyRnd3dy5mYWNlYm9vay5jb20lMkZUZWxlcmlrQWNhZGVteSIgQ29ycmVsYXRpb25CaW5kaW5nPSIiIFVybEVuY29kZT0iRmFsc2UiIFVzZVRvR3JvdXBSZXN1bHRzPSJGYWxzZSIgLz4NCiAgICAgICAgPFF1ZXJ5U3RyaW5nUGFyYW1ldGVyIE5hbWU9ImxvY2FsZSIgVmFsdWU9ImVuX1VTIiBSZWNvcmRlZFZhbHVlPSJlbl9VUyIgQ29ycmVsYXRpb25CaW5kaW5nPSIiIFVybEVuY29kZT0iRmFsc2UiIFVzZVRvR3JvdXBSZXN1bHRzPSJGYWxzZSIgLz4NCiAgICAgICAgPFF1ZXJ5U3RyaW5nUGFyYW1ldGVyIE5hbWU9InNkayIgVmFsdWU9ImpvZXkiIFJlY29yZGVkVmFsdWU9ImpvZXkiIENvcnJlbGF0aW9uQmluZGluZz0iIiBVcmxFbmNvZGU9IkZhbHNlIiBVc2VUb0dyb3VwUmVzdWx0cz0iRmFsc2UiIC8+DQogICAgICAgIDxRdWVyeVN0cmluZ1BhcmFtZXRlciBOYW1lPSJzaG93X2ZhY2VzIiBWYWx1ZT0iZmFsc2UiIFJlY29yZGVkVmFsdWU9ImZhbHNlIiBDb3JyZWxhdGlvbkJpbmRpbmc9IiIgVXJsRW5jb2RlPSJGYWxzZSIgVXNlVG9Hcm91cFJlc3VsdHM9IkZhbHNlIiAvPg0KICAgICAgICA8UXVlcnlTdHJpbmdQYXJhbWV0ZXIgTmFtZT0ic3RyZWFtIiBWYWx1ZT0idHJ1ZSIgUmVjb3JkZWRWYWx1ZT0idHJ1ZSIgQ29ycmVsYXRpb25CaW5kaW5nPSIiIFVybEVuY29kZT0iRmFsc2UiIFVzZVRvR3JvdXBSZXN1bHRzPSJGYWxzZSIgLz4NCiAgICAgICAgPFF1ZXJ5U3RyaW5nUGFyYW1ldGVyIE5hbWU9IndpZHRoIiBWYWx1ZT0iNjIwIiBSZWNvcmRlZFZhbHVlPSI2MjAiIENvcnJlbGF0aW9uQmluZGluZz0iIiBVcmxFbmNvZGU9IkZhbHNlIiBVc2VUb0dyb3VwUmVzdWx0cz0iRmFsc2UiIC8+DQogICAgICA8L1F1ZXJ5U3RyaW5nUGFyYW1ldGVycz4NCiAgICA8L1JlcXVlc3Q+DQogIDwvSXRlbXM+DQogIDxWYWxpZGF0aW9uUnVsZXM+DQogICAgPFZhbGlkYXRpb25SdWxlIENsYXNzbmFtZT0iTWljcm9zb2Z0LlZpc3VhbFN0dWRpby5UZXN0VG9vbHMuV2ViVGVzdGluZy5SdWxlcy5WYWxpZGF0ZVJlc3BvbnNlVXJsLCBNaWNyb3NvZnQuVmlzdWFsU3R1ZGlvLlF1YWxpdHlUb29scy5XZWJUZXN0RnJhbWV3b3JrLCBWZXJzaW9uPTEwLjAuMC4wLCBDdWx0dXJlPW5ldXRyYWwsIFB1YmxpY0tleVRva2VuPWIwM2Y1ZjdmMTFkNTBhM2EiIERpc3BsYXlOYW1lPSJSZXNwb25zZSBVUkwiIERlc2NyaXB0aW9uPSJWYWxpZGF0ZXMgdGhhdCB0aGUgcmVzcG9uc2UgVVJMIGFmdGVyIHJlZGlyZWN0cyBhcmUgZm9sbG93ZWQgaXMgdGhlIHNhbWUgYXMgdGhlIHJlY29yZGVkIHJlc3BvbnNlIFVSTC4gIFF1ZXJ5U3RyaW5nIHBhcmFtZXRlcnMgYXJlIGlnbm9yZWQuIiBMZXZlbD0iTG93IiBFeGVjdHVpb25PcmRlcj0iQmVmb3JlRGVwZW5kZW50cyIgLz4NCiAgICA8VmFsaWRhdGlvblJ1bGUgQ2xhc3NuYW1lPSJNaWNyb3NvZnQuVmlzdWFsU3R1ZGlvLlRlc3RUb29scy5XZWJUZXN0aW5nLlJ1bGVzLlZhbGlkYXRpb25SdWxlUmVzcG9uc2VUaW1lR29hbCwgTWljcm9zb2Z0LlZpc3VhbFN0dWRpby5RdWFsaXR5VG9vbHMuV2ViVGVzdEZyYW1ld29yaywgVmVyc2lvbj0xMC4wLjAuMCwgQ3VsdHVyZT1uZXV0cmFsLCBQdWJsaWNLZXlUb2tlbj1iMDNmNWY3ZjExZDUwYTNhIiBEaXNwbGF5TmFtZT0iUmVzcG9uc2UgVGltZSBHb2FsIiBEZXNjcmlwdGlvbj0iVmFsaWRhdGVzIHRoYXQgdGhlIHJlc3BvbnNlIHRpbWUgZm9yIHRoZSByZXF1ZXN0IGlzIGxlc3MgdGhhbiBvciBlcXVhbCB0byB0aGUgcmVzcG9uc2UgdGltZSBnb2FsIGFzIHNwZWNpZmllZCBvbiB0aGUgcmVxdWVzdC4gIFJlc3BvbnNlIHRpbWUgZ29hbHMgb2YgemVybyB3aWxsIGJlIGlnbm9yZWQuIiBMZXZlbD0iTG93IiBFeGVjdHVpb25PcmRlcj0iQWZ0ZXJEZXBlbmRlbnRzIj4NCiAgICAgIDxSdWxlUGFyYW1ldGVycz4NCiAgICAgICAgPFJ1bGVQYXJhbWV0ZXIgTmFtZT0iVG9sZXJhbmNlIiBWYWx1ZT0iMCIgLz4NCiAgICAgIDwvUnVsZVBhcmFtZXRlcnM+DQogICAgPC9WYWxpZGF0aW9uUnVsZT4NCiAgPC9WYWxpZGF0aW9uUnVsZXM+DQo8L1dlYlRlc3Q+">
      <Execution id="604bb7fc-afd9-40b2-b599-99f86a079c5c" />
    </WebTest>
  </TestDefinitions>
  <TestLists>
    <TestList name="Results Not in a List" id="8c84fa94-04c1-424b-9868-57a2d4851a1d" />
    <TestList name="All Loaded Results" id="19431567-8539-422a-85d7-44ee4e166bda" />
  </TestLists>
  <TestEntries>
    <TestEntry isTransparent="false" testId="2f2882c5-9a44-40ea-a7a9-8dc54261f721" executionId="604bb7fc-afd9-40b2-b599-99f86a079c5c" testListId="8c84fa94-04c1-424b-9868-57a2d4851a1d" />
  </TestEntries>
  <Results>
    <WebTestResult executionId="604bb7fc-afd9-40b2-b599-99f86a079c5c" testId="2f2882c5-9a44-40ea-a7a9-8dc54261f721" testName="WebTest1" computerName="VLADOMINATOR-PC" duration="00:00:05.5719725" startTime="2014-11-13T16:44:35.4771305+02:00" endTime="2014-11-13T16:44:51.7050587+02:00" testType="4e7599fa-5ecb-43e9-a887-cd63cf72d207" outcome="Failed" testListId="8c84fa94-04c1-424b-9868-57a2d4851a1d" relativeResultsDirectory="604bb7fc-afd9-40b2-b599-99f86a079c5c">
      <Output>
        <ErrorInfo>
          <Message>1 primary requests, 0 dependant requests and 0 conditional rules failed</Message>
        </ErrorInfo>
      </Output>
      <ResultFiles>
        <ResultFile path="WebTest1.webtestResult" />
      </ResultFiles>
      <TestSettings name="Local" id="bad2f200-0817-409b-8ebe-f4183b0ece88">
        <Description>These are default test settings for a local test run.</Description>
        <Deployment runDeploymentRoot="VLADominator_VLADOMINATOR-PC 2014-11-13 16_44_34">
          <DeploymentItem filename="D:\Movie\Video Lessons\QA Academy\Team Fig\TALS.PerformanceTesting\TALS.PerformanceTesting\TALS.PerformanceTesting.Utils\bin\Debug\TALS.PerformanceTesting.Utils.dll" />
        </Deployment>
        <Execution>
          <TestTypeSpecific>
            <WebTestRunConfiguration testTypeId="4e7599fa-5ecb-43e9-a887-cd63cf72d207">
              <Browser name="Internet Explorer 9.0" MaxConnections="6">
                <Headers>
                  <Header name="User-Agent" value="Mozilla/5.0 (compatible; MSIE 9.0; Windows NT 6.1; Trident/5.0)" />
                  <Header name="Accept" value="*/*" />
                  <Header name="Accept-Language" value="{{$IEAcceptLanguage}}" />
                  <Header name="Accept-Encoding" value="GZIP" />
                </Headers>
              </Browser>
            </WebTestRunConfiguration>
          </TestTypeSpecific>
          <AgentRule name="Execution Agents">
          </AgentRule>
        </Execution>
        <Properties />
      </TestSettings>
      <WebTestResultFilePath>VLADominator_VLADOMINATOR-PC 2014-11-13 16_44_34\In\604bb7fc-afd9-40b2-b599-99f86a079c5c\WebTest1.webtestResult</WebTestResultFilePath>
    </WebTestResult>
  </Results>
</TestRun>